[TRACE] 01:42:34:927 /home/utnso/workspace/tp-2017-1c-Blue-4/kernel/Debug/kernel/(853:853): Iniciando Kernel...
[TRACE] 01:42:34:960 /home/utnso/workspace/tp-2017-1c-Blue-4/kernel/Debug/kernel/(853:853): Conexion establecida con el FileSystem
[TRACE] 01:42:34:960 /home/utnso/workspace/tp-2017-1c-Blue-4/kernel/Debug/kernel/(853:853): Conexion establecida con la Memoria
[TRACE] 01:42:57:805 /home/utnso/workspace/tp-2017-1c-Blue-4/kernel/Debug/kernel/(853:853): Se realizo el Handshake con exito con 7
[TRACE] 01:42:57:808 /home/utnso/workspace/tp-2017-1c-Blue-4/kernel/Debug/kernel/(853:853): Un nuevo proceso ha sido creado
[ERROR] 01:42:57:860 /home/utnso/workspace/tp-2017-1c-Blue-4/kernel/Debug/kernel/(853:853): ERROR, el kernel no pudo solicitar memoria correctamente
[TRACE] 01:42:58:95 /home/utnso/workspace/tp-2017-1c-Blue-4/kernel/Debug/kernel/(853:853): Se realizo el Handshake con exito con 8
[TRACE] 01:42:58:97 /home/utnso/workspace/tp-2017-1c-Blue-4/kernel/Debug/kernel/(853:853): Un nuevo proceso ha sido creado
[TRACE] 01:45:45:333 /home/utnso/workspace/tp-2017-1c-Blue-4/kernel/Debug/kernel/(993:993): Iniciando Kernel...
[TRACE] 01:45:45:367 /home/utnso/workspace/tp-2017-1c-Blue-4/kernel/Debug/kernel/(993:993): Conexion establecida con el FileSystem
[TRACE] 01:45:45:367 /home/utnso/workspace/tp-2017-1c-Blue-4/kernel/Debug/kernel/(993:993): Conexion establecida con la Memoria
[TRACE] 01:45:55:983 /home/utnso/workspace/tp-2017-1c-Blue-4/kernel/Debug/kernel/(993:993): Se realizo el Handshake con exito con 7
[TRACE] 01:45:55:987 /home/utnso/workspace/tp-2017-1c-Blue-4/kernel/Debug/kernel/(993:993): Un nuevo proceso ha sido creado
[ERROR] 01:45:55:991 /home/utnso/workspace/tp-2017-1c-Blue-4/kernel/Debug/kernel/(993:993): ERROR, el kernel no pudo solicitar memoria correctamente
[TRACE] 01:45:56:766 /home/utnso/workspace/tp-2017-1c-Blue-4/kernel/Debug/kernel/(993:993): Se realizo el Handshake con exito con 8
[TRACE] 01:45:56:767 /home/utnso/workspace/tp-2017-1c-Blue-4/kernel/Debug/kernel/(993:993): Un nuevo proceso ha sido creado
[ERROR] 01:45:56:769 /home/utnso/workspace/tp-2017-1c-Blue-4/kernel/Debug/kernel/(993:993): ERROR, el kernel no pudo solicitar memoria correctamente
[TRACE] 01:46:37:895 /home/utnso/workspace/tp-2017-1c-Blue-4/kernel/Debug/kernel/(1060:1060): Iniciando Kernel...
[TRACE] 01:46:37:929 /home/utnso/workspace/tp-2017-1c-Blue-4/kernel/Debug/kernel/(1060:1060): Conexion establecida con el FileSystem
[TRACE] 01:46:37:929 /home/utnso/workspace/tp-2017-1c-Blue-4/kernel/Debug/kernel/(1060:1060): Conexion establecida con la Memoria
[TRACE] 01:46:48:370 /home/utnso/workspace/tp-2017-1c-Blue-4/kernel/Debug/kernel/(1060:1060): Se realizo el Handshake con exito con 7
[TRACE] 01:46:48:372 /home/utnso/workspace/tp-2017-1c-Blue-4/kernel/Debug/kernel/(1060:1060): Un nuevo proceso ha sido creado
[TRACE] 01:46:48:375 /home/utnso/workspace/tp-2017-1c-Blue-4/kernel/Debug/kernel/(1060:1060): Nuevo proceso encolado en READY
[TRACE] 01:46:48:791 /home/utnso/workspace/tp-2017-1c-Blue-4/kernel/Debug/kernel/(1060:1060): Se realizo el Handshake con exito con 8
[TRACE] 01:46:48:792 /home/utnso/workspace/tp-2017-1c-Blue-4/kernel/Debug/kernel/(1060:1060): Un nuevo proceso ha sido creado
[TRACE] 01:46:48:794 /home/utnso/workspace/tp-2017-1c-Blue-4/kernel/Debug/kernel/(1060:1060): Nuevo proceso encolado en READY
[TRACE] 01:51:43:894 /home/utnso/workspace/tp-2017-1c-Blue-4/kernel/Debug/kernel/(1185:1185): Iniciando Kernel...
[TRACE] 01:51:43:928 /home/utnso/workspace/tp-2017-1c-Blue-4/kernel/Debug/kernel/(1185:1185): Conexion establecida con el FileSystem
[TRACE] 01:51:43:928 /home/utnso/workspace/tp-2017-1c-Blue-4/kernel/Debug/kernel/(1185:1185): Conexion establecida con la Memoria
[TRACE] 01:51:58:777 /home/utnso/workspace/tp-2017-1c-Blue-4/kernel/Debug/kernel/(1185:1185): Se realizo el Handshake con exito con 7
[TRACE] 01:51:58:779 /home/utnso/workspace/tp-2017-1c-Blue-4/kernel/Debug/kernel/(1185:1185): Un nuevo proceso ha sido creado
[TRACE] 01:51:58:781 /home/utnso/workspace/tp-2017-1c-Blue-4/kernel/Debug/kernel/(1185:1185): Nuevo proceso encolado en READY
[TRACE] 01:51:59:79 /home/utnso/workspace/tp-2017-1c-Blue-4/kernel/Debug/kernel/(1185:1185): Se realizo el Handshake con exito con 8
[TRACE] 01:51:59:80 /home/utnso/workspace/tp-2017-1c-Blue-4/kernel/Debug/kernel/(1185:1185): Un nuevo proceso ha sido creado
[TRACE] 01:51:59:83 /home/utnso/workspace/tp-2017-1c-Blue-4/kernel/Debug/kernel/(1185:1185): Nuevo proceso encolado en READY
[TRACE] 01:53:41:776 /home/utnso/workspace/tp-2017-1c-Blue-4/kernel/Debug/kernel/(1350:1350): Iniciando Kernel...
[TRACE] 01:53:41:810 /home/utnso/workspace/tp-2017-1c-Blue-4/kernel/Debug/kernel/(1350:1350): Conexion establecida con el FileSystem
[TRACE] 01:53:41:810 /home/utnso/workspace/tp-2017-1c-Blue-4/kernel/Debug/kernel/(1350:1350): Conexion establecida con la Memoria
[TRACE] 01:53:48:754 /home/utnso/workspace/tp-2017-1c-Blue-4/kernel/Debug/kernel/(1350:1350): Se realizo el Handshake con exito con 7
[TRACE] 01:53:48:755 /home/utnso/workspace/tp-2017-1c-Blue-4/kernel/Debug/kernel/(1350:1350): Un nuevo proceso ha sido creado
[TRACE] 01:53:48:756 /home/utnso/workspace/tp-2017-1c-Blue-4/kernel/Debug/kernel/(1350:1350): Nuevo proceso encolado en READY
[TRACE] 01:56:37:146 /home/utnso/workspace/tp-2017-1c-Blue-4/kernel/Debug/kernel/(1500:1500): Iniciando Kernel...
[TRACE] 01:56:37:179 /home/utnso/workspace/tp-2017-1c-Blue-4/kernel/Debug/kernel/(1500:1500): Conexion establecida con el FileSystem
[TRACE] 01:56:37:180 /home/utnso/workspace/tp-2017-1c-Blue-4/kernel/Debug/kernel/(1500:1500): Conexion establecida con la Memoria
[TRACE] 01:56:42:32 /home/utnso/workspace/tp-2017-1c-Blue-4/kernel/Debug/kernel/(1500:1500): Se realizo el Handshake con exito con 7
[TRACE] 01:56:42:33 /home/utnso/workspace/tp-2017-1c-Blue-4/kernel/Debug/kernel/(1500:1500): Un nuevo proceso ha sido creado
[TRACE] 01:56:42:35 /home/utnso/workspace/tp-2017-1c-Blue-4/kernel/Debug/kernel/(1500:1500): Nuevo proceso encolado en READY
[TRACE] 01:57:07:383 /home/utnso/workspace/tp-2017-1c-Blue-4/kernel/Debug/kernel/(1546:1546): Iniciando Kernel...
[TRACE] 01:57:07:417 /home/utnso/workspace/tp-2017-1c-Blue-4/kernel/Debug/kernel/(1546:1546): Conexion establecida con el FileSystem
[TRACE] 01:57:07:418 /home/utnso/workspace/tp-2017-1c-Blue-4/kernel/Debug/kernel/(1546:1546): Conexion establecida con la Memoria
[TRACE] 01:57:20:79 /home/utnso/workspace/tp-2017-1c-Blue-4/kernel/Debug/kernel/(1546:1546): Se realizo el Handshake con exito con 7
[TRACE] 01:57:20:82 /home/utnso/workspace/tp-2017-1c-Blue-4/kernel/Debug/kernel/(1546:1546): Un nuevo proceso ha sido creado
[TRACE] 01:57:20:84 /home/utnso/workspace/tp-2017-1c-Blue-4/kernel/Debug/kernel/(1546:1546): Nuevo proceso encolado en READY
[TRACE] 01:57:20:476 /home/utnso/workspace/tp-2017-1c-Blue-4/kernel/Debug/kernel/(1546:1546): Se realizo el Handshake con exito con 8
[TRACE] 01:57:20:477 /home/utnso/workspace/tp-2017-1c-Blue-4/kernel/Debug/kernel/(1546:1546): Un nuevo proceso ha sido creado
[TRACE] 01:57:20:482 /home/utnso/workspace/tp-2017-1c-Blue-4/kernel/Debug/kernel/(1546:1546): Nuevo proceso encolado en READY
[TRACE] 01:59:27:192 /home/utnso/workspace/tp-2017-1c-Blue-4/kernel/Debug/kernel/(1672:1672): Iniciando Kernel...
[TRACE] 01:59:27:227 /home/utnso/workspace/tp-2017-1c-Blue-4/kernel/Debug/kernel/(1672:1672): Conexion establecida con el FileSystem
[TRACE] 01:59:27:227 /home/utnso/workspace/tp-2017-1c-Blue-4/kernel/Debug/kernel/(1672:1672): Conexion establecida con la Memoria
[TRACE] 01:59:40:485 /home/utnso/workspace/tp-2017-1c-Blue-4/kernel/Debug/kernel/(1672:1672): Se realizo el Handshake con exito con 7
[TRACE] 01:59:40:488 /home/utnso/workspace/tp-2017-1c-Blue-4/kernel/Debug/kernel/(1672:1672): Un nuevo proceso ha sido creado
[TRACE] 01:59:40:492 /home/utnso/workspace/tp-2017-1c-Blue-4/kernel/Debug/kernel/(1672:1672): Nuevo proceso encolado en READY
[TRACE] 01:59:40:856 /home/utnso/workspace/tp-2017-1c-Blue-4/kernel/Debug/kernel/(1672:1672): Se realizo el Handshake con exito con 8
[TRACE] 01:59:40:858 /home/utnso/workspace/tp-2017-1c-Blue-4/kernel/Debug/kernel/(1672:1672): Un nuevo proceso ha sido creado
[TRACE] 01:59:40:861 /home/utnso/workspace/tp-2017-1c-Blue-4/kernel/Debug/kernel/(1672:1672): Nuevo proceso encolado en READY
[TRACE] 02:01:58:967 /home/utnso/workspace/tp-2017-1c-Blue-4/kernel/Debug/kernel/(1928:1928): Iniciando Kernel...
[TRACE] 02:01:58:2 /home/utnso/workspace/tp-2017-1c-Blue-4/kernel/Debug/kernel/(1928:1928): Conexion establecida con el FileSystem
[TRACE] 02:01:58:2 /home/utnso/workspace/tp-2017-1c-Blue-4/kernel/Debug/kernel/(1928:1928): Conexion establecida con la Memoria
[TRACE] 02:02:07:556 /home/utnso/workspace/tp-2017-1c-Blue-4/kernel/Debug/kernel/(1928:1928): Se realizo el Handshake con exito con 7
[TRACE] 02:02:07:558 /home/utnso/workspace/tp-2017-1c-Blue-4/kernel/Debug/kernel/(1928:1928): Un nuevo proceso ha sido creado
[TRACE] 02:02:07:560 /home/utnso/workspace/tp-2017-1c-Blue-4/kernel/Debug/kernel/(1928:1928): Nuevo proceso encolado en READY
[TRACE] 02:02:08:20 /home/utnso/workspace/tp-2017-1c-Blue-4/kernel/Debug/kernel/(1928:1928): Se realizo el Handshake con exito con 8
[TRACE] 02:02:08:21 /home/utnso/workspace/tp-2017-1c-Blue-4/kernel/Debug/kernel/(1928:1928): Un nuevo proceso ha sido creado
[TRACE] 02:02:08:22 /home/utnso/workspace/tp-2017-1c-Blue-4/kernel/Debug/kernel/(1928:1928): Nuevo proceso encolado en READY
[TRACE] 02:08:44:78 /home/utnso/workspace/tp-2017-1c-Blue-4/kernel/Debug/kernel/(2067:2067): Iniciando Kernel...
[TRACE] 02:08:44:111 /home/utnso/workspace/tp-2017-1c-Blue-4/kernel/Debug/kernel/(2067:2067): Conexion establecida con el FileSystem
[TRACE] 02:08:44:112 /home/utnso/workspace/tp-2017-1c-Blue-4/kernel/Debug/kernel/(2067:2067): Conexion establecida con la Memoria
[TRACE] 02:08:49:638 /home/utnso/workspace/tp-2017-1c-Blue-4/kernel/Debug/kernel/(2067:2067): Se realizo el Handshake con exito con 7
[TRACE] 02:08:49:640 /home/utnso/workspace/tp-2017-1c-Blue-4/kernel/Debug/kernel/(2067:2067): Un nuevo proceso ha sido creado
[TRACE] 02:08:49:645 /home/utnso/workspace/tp-2017-1c-Blue-4/kernel/Debug/kernel/(2067:2067): Nuevo proceso encolado en READY
[TRACE] 02:13:56:566 /home/utnso/workspace/tp-2017-1c-Blue-4/kernel/Debug/kernel/(2477:2477): Iniciando Kernel...
[TRACE] 02:13:56:599 /home/utnso/workspace/tp-2017-1c-Blue-4/kernel/Debug/kernel/(2477:2477): Conexion establecida con el FileSystem
[TRACE] 02:13:56:600 /home/utnso/workspace/tp-2017-1c-Blue-4/kernel/Debug/kernel/(2477:2477): Conexion establecida con la Memoria
[TRACE] 02:14:16:188 /home/utnso/workspace/tp-2017-1c-Blue-4/kernel/Debug/kernel/(2477:2477): Se realizo el Handshake con exito con 7
[TRACE] 02:14:16:190 /home/utnso/workspace/tp-2017-1c-Blue-4/kernel/Debug/kernel/(2477:2477): Un nuevo proceso ha sido creado
[TRACE] 02:14:16:194 /home/utnso/workspace/tp-2017-1c-Blue-4/kernel/Debug/kernel/(2477:2477): Nuevo proceso encolado en READY
[TRACE] 02:17:52:174 /home/utnso/workspace/tp-2017-1c-Blue-4/kernel/Debug/kernel/(2693:2693): Iniciando Kernel...
[TRACE] 02:17:52:207 /home/utnso/workspace/tp-2017-1c-Blue-4/kernel/Debug/kernel/(2693:2693): Conexion establecida con el FileSystem
[TRACE] 02:17:52:207 /home/utnso/workspace/tp-2017-1c-Blue-4/kernel/Debug/kernel/(2693:2693): Conexion establecida con la Memoria
[TRACE] 02:17:58:192 /home/utnso/workspace/tp-2017-1c-Blue-4/kernel/Debug/kernel/(2693:2693): Se realizo el Handshake con exito con 7
[TRACE] 02:17:58:197 /home/utnso/workspace/tp-2017-1c-Blue-4/kernel/Debug/kernel/(2693:2693): Un nuevo proceso ha sido creado
[TRACE] 02:17:58:202 /home/utnso/workspace/tp-2017-1c-Blue-4/kernel/Debug/kernel/(2693:2693): Nuevo proceso encolado en READY
[TRACE] 00:14:36:481 /home/utnso/workspace/tp-2017-1c-Blue-4/kernel/Debug/kernel/(2999:2999): Iniciando Kernel...
[TRACE] 00:14:36:515 /home/utnso/workspace/tp-2017-1c-Blue-4/kernel/Debug/kernel/(2999:2999): Conexion establecida con el FileSystem
[TRACE] 00:14:36:515 /home/utnso/workspace/tp-2017-1c-Blue-4/kernel/Debug/kernel/(2999:2999): Conexion establecida con la Memoria
[TRACE] 00:14:46:280 /home/utnso/workspace/tp-2017-1c-Blue-4/kernel/Debug/kernel/(2999:2999): Se realizo el Handshake con exito con 7
[TRACE] 00:14:46:282 /home/utnso/workspace/tp-2017-1c-Blue-4/kernel/Debug/kernel/(2999:2999): Un nuevo proceso ha sido creado
[TRACE] 00:14:46:329 /home/utnso/workspace/tp-2017-1c-Blue-4/kernel/Debug/kernel/(2999:2999): Nuevo proceso encolado en READY
[TRACE] 00:14:46:587 /home/utnso/workspace/tp-2017-1c-Blue-4/kernel/Debug/kernel/(2999:2999): Se realizo el Handshake con exito con 8
[TRACE] 00:14:46:588 /home/utnso/workspace/tp-2017-1c-Blue-4/kernel/Debug/kernel/(2999:2999): Un nuevo proceso ha sido creado
[TRACE] 00:14:46:626 /home/utnso/workspace/tp-2017-1c-Blue-4/kernel/Debug/kernel/(2999:2999): Nuevo proceso encolado en READY
[TRACE] 01:21:03:472 /home/utnso/workspace/tp-2017-1c-Blue-4/kernel/Debug/kernel/(3716:3716): Iniciando Kernel...
[TRACE] 01:21:03:507 /home/utnso/workspace/tp-2017-1c-Blue-4/kernel/Debug/kernel/(3716:3716): Conexion establecida con el FileSystem
[TRACE] 01:21:03:507 /home/utnso/workspace/tp-2017-1c-Blue-4/kernel/Debug/kernel/(3716:3716): Conexion establecida con la Memoria
[TRACE] 01:21:07:988 /home/utnso/workspace/tp-2017-1c-Blue-4/kernel/Debug/kernel/(3716:3716): Se realizo el Handshake con exito con 7
[TRACE] 01:21:08:28 /home/utnso/workspace/tp-2017-1c-Blue-4/kernel/Debug/kernel/(3716:3716): Un nuevo proceso ha sido creado
[TRACE] 01:21:08:78 /home/utnso/workspace/tp-2017-1c-Blue-4/kernel/Debug/kernel/(3716:3716): Nuevo proceso encolado en READY
[TRACE] 01:21:41:407 /home/utnso/workspace/tp-2017-1c-Blue-4/kernel/Debug/kernel/(3795:3795): Iniciando Kernel...
[TRACE] 01:21:41:442 /home/utnso/workspace/tp-2017-1c-Blue-4/kernel/Debug/kernel/(3795:3795): Conexion establecida con el FileSystem
[TRACE] 01:21:41:442 /home/utnso/workspace/tp-2017-1c-Blue-4/kernel/Debug/kernel/(3795:3795): Conexion establecida con la Memoria
[TRACE] 01:21:45:514 /home/utnso/workspace/tp-2017-1c-Blue-4/kernel/Debug/kernel/(3795:3795): Se realizo el Handshake con exito con 7
[TRACE] 01:21:45:554 /home/utnso/workspace/tp-2017-1c-Blue-4/kernel/Debug/kernel/(3795:3795): Un nuevo proceso ha sido creado
[TRACE] 01:21:45:598 /home/utnso/workspace/tp-2017-1c-Blue-4/kernel/Debug/kernel/(3795:3795): Nuevo proceso encolado en READY
[TRACE] 01:22:02:413 /home/utnso/workspace/tp-2017-1c-Blue-4/kernel/Debug/kernel/(3865:3865): Iniciando Kernel...
[TRACE] 01:22:02:446 /home/utnso/workspace/tp-2017-1c-Blue-4/kernel/Debug/kernel/(3865:3865): Conexion establecida con el FileSystem
[TRACE] 01:22:02:447 /home/utnso/workspace/tp-2017-1c-Blue-4/kernel/Debug/kernel/(3865:3865): Conexion establecida con la Memoria
[TRACE] 01:22:05:728 /home/utnso/workspace/tp-2017-1c-Blue-4/kernel/Debug/kernel/(3865:3865): Se realizo el Handshake con exito con 7
[TRACE] 01:22:05:766 /home/utnso/workspace/tp-2017-1c-Blue-4/kernel/Debug/kernel/(3865:3865): Un nuevo proceso ha sido creado
[TRACE] 01:22:32:188 /home/utnso/workspace/tp-2017-1c-Blue-4/kernel/Debug/kernel/(3947:3947): Iniciando Kernel...
[TRACE] 01:22:32:222 /home/utnso/workspace/tp-2017-1c-Blue-4/kernel/Debug/kernel/(3947:3947): Conexion establecida con el FileSystem
[TRACE] 01:22:32:223 /home/utnso/workspace/tp-2017-1c-Blue-4/kernel/Debug/kernel/(3947:3947): Conexion establecida con la Memoria
[TRACE] 01:22:40:557 /home/utnso/workspace/tp-2017-1c-Blue-4/kernel/Debug/kernel/(3947:3947): Se realizo el Handshake con exito con 7
[TRACE] 01:22:48:87 /home/utnso/workspace/tp-2017-1c-Blue-4/kernel/Debug/kernel/(3988:3988): Iniciando Kernel...
[TRACE] 01:22:48:121 /home/utnso/workspace/tp-2017-1c-Blue-4/kernel/Debug/kernel/(3988:3988): Conexion establecida con el FileSystem
[TRACE] 01:22:48:122 /home/utnso/workspace/tp-2017-1c-Blue-4/kernel/Debug/kernel/(3988:3988): Conexion establecida con la Memoria
[TRACE] 01:22:53:415 /home/utnso/workspace/tp-2017-1c-Blue-4/kernel/Debug/kernel/(3988:3988): Se realizo el Handshake con exito con 7
[TRACE] 01:22:56:623 /home/utnso/workspace/tp-2017-1c-Blue-4/kernel/Debug/kernel/(3988:3988): Se realizo el Handshake con exito con 7
[TRACE] 01:22:57:822 /home/utnso/workspace/tp-2017-1c-Blue-4/kernel/Debug/kernel/(3988:3988): Se realizo el Handshake con exito con 7
[TRACE] 01:23:00:735 /home/utnso/workspace/tp-2017-1c-Blue-4/kernel/Debug/kernel/(3988:3988): Se realizo el Handshake con exito con 7
[TRACE] 01:23:00:784 /home/utnso/workspace/tp-2017-1c-Blue-4/kernel/Debug/kernel/(3988:3988): Un nuevo proceso ha sido creado
[TRACE] 01:23:14:800 /home/utnso/workspace/tp-2017-1c-Blue-4/kernel/Debug/kernel/(4018:4018): Iniciando Kernel...
[TRACE] 01:23:14:834 /home/utnso/workspace/tp-2017-1c-Blue-4/kernel/Debug/kernel/(4018:4018): Conexion establecida con el FileSystem
[TRACE] 01:23:14:834 /home/utnso/workspace/tp-2017-1c-Blue-4/kernel/Debug/kernel/(4018:4018): Conexion establecida con la Memoria
[TRACE] 01:23:20:305 /home/utnso/workspace/tp-2017-1c-Blue-4/kernel/Debug/kernel/(4018:4018): Se realizo el Handshake con exito con 7
[TRACE] 01:23:20:345 /home/utnso/workspace/tp-2017-1c-Blue-4/kernel/Debug/kernel/(4018:4018): Un nuevo proceso ha sido creado
[TRACE] 01:23:20:399 /home/utnso/workspace/tp-2017-1c-Blue-4/kernel/Debug/kernel/(4018:4018): Nuevo proceso encolado en READY
[TRACE] 01:24:17:575 /home/utnso/workspace/tp-2017-1c-Blue-4/kernel/Debug/kernel/(4113:4113): Iniciando Kernel...
[TRACE] 01:24:17:609 /home/utnso/workspace/tp-2017-1c-Blue-4/kernel/Debug/kernel/(4113:4113): Conexion establecida con el FileSystem
[TRACE] 01:24:17:609 /home/utnso/workspace/tp-2017-1c-Blue-4/kernel/Debug/kernel/(4113:4113): Conexion establecida con la Memoria
[TRACE] 01:24:20:878 /home/utnso/workspace/tp-2017-1c-Blue-4/kernel/Debug/kernel/(4113:4113): Se realizo el Handshake con exito con 7
[TRACE] 01:24:23:552 /home/utnso/workspace/tp-2017-1c-Blue-4/kernel/Debug/kernel/(4113:4113): Se realizo el Handshake con exito con 7
[TRACE] 01:24:23:594 /home/utnso/workspace/tp-2017-1c-Blue-4/kernel/Debug/kernel/(4113:4113): Un nuevo proceso ha sido creado
[ERROR] 01:24:23:760 /home/utnso/workspace/tp-2017-1c-Blue-4/kernel/Debug/kernel/(4113:4113): ERROR, el kernel no pudo solicitar memoria correctamente
[TRACE] 01:24:41:453 /home/utnso/workspace/tp-2017-1c-Blue-4/kernel/Debug/kernel/(4193:4193): Iniciando Kernel...
[ERROR] 01:24:41:495 /home/utnso/workspace/tp-2017-1c-Blue-4/kernel/Debug/kernel/(4193:4193): No se pudo obtener el tamanio de pagina
[TRACE] 01:24:41:496 /home/utnso/workspace/tp-2017-1c-Blue-4/kernel/Debug/kernel/(4193:4193): Conexion establecida con el FileSystem
[ERROR] 01:24:41:496 /home/utnso/workspace/tp-2017-1c-Blue-4/kernel/Debug/kernel/(4193:4193): No se pudo conectar a la Memoria
[TRACE] 01:24:46:80 /home/utnso/workspace/tp-2017-1c-Blue-4/kernel/Debug/kernel/(4193:4193): Se realizo el Handshake con exito con 7
[TRACE] 01:24:46:119 /home/utnso/workspace/tp-2017-1c-Blue-4/kernel/Debug/kernel/(4193:4193): Un nuevo proceso ha sido creado
[ERROR] 01:24:46:128 /home/utnso/workspace/tp-2017-1c-Blue-4/kernel/Debug/kernel/(4193:4193): ERROR, el kernel no pudo solicitar memoria correctamente
[TRACE] 01:25:05:281 /home/utnso/workspace/tp-2017-1c-Blue-4/kernel/Debug/kernel/(4258:4258): Iniciando Kernel...
[ERROR] 01:25:05:323 /home/utnso/workspace/tp-2017-1c-Blue-4/kernel/Debug/kernel/(4258:4258): No se pudo obtener el tamanio de pagina
[TRACE] 01:25:05:324 /home/utnso/workspace/tp-2017-1c-Blue-4/kernel/Debug/kernel/(4258:4258): Conexion establecida con el FileSystem
[ERROR] 01:25:05:325 /home/utnso/workspace/tp-2017-1c-Blue-4/kernel/Debug/kernel/(4258:4258): No se pudo conectar a la Memoria
[TRACE] 01:25:09:385 /home/utnso/workspace/tp-2017-1c-Blue-4/kernel/Debug/kernel/(4258:4258): Se realizo el Handshake con exito con 7
[TRACE] 01:25:09:426 /home/utnso/workspace/tp-2017-1c-Blue-4/kernel/Debug/kernel/(4258:4258): Un nuevo proceso ha sido creado
[ERROR] 01:25:09:443 /home/utnso/workspace/tp-2017-1c-Blue-4/kernel/Debug/kernel/(4258:4258): ERROR, el kernel no pudo solicitar memoria correctamente
[TRACE] 01:25:18:844 /home/utnso/workspace/tp-2017-1c-Blue-4/kernel/Debug/kernel/(4324:4324): Iniciando Kernel...
[ERROR] 01:25:18:886 /home/utnso/workspace/tp-2017-1c-Blue-4/kernel/Debug/kernel/(4324:4324): No se pudo obtener el tamanio de pagina
[TRACE] 01:25:18:887 /home/utnso/workspace/tp-2017-1c-Blue-4/kernel/Debug/kernel/(4324:4324): Conexion establecida con el FileSystem
[ERROR] 01:25:18:887 /home/utnso/workspace/tp-2017-1c-Blue-4/kernel/Debug/kernel/(4324:4324): No se pudo conectar a la Memoria
[TRACE] 01:25:23:747 /home/utnso/workspace/tp-2017-1c-Blue-4/kernel/Debug/kernel/(4324:4324): Se realizo el Handshake con exito con 7
[TRACE] 01:25:23:789 /home/utnso/workspace/tp-2017-1c-Blue-4/kernel/Debug/kernel/(4324:4324): Un nuevo proceso ha sido creado
[ERROR] 01:25:23:799 /home/utnso/workspace/tp-2017-1c-Blue-4/kernel/Debug/kernel/(4324:4324): ERROR, el kernel no pudo solicitar memoria correctamente
[TRACE] 01:51:22:234 /home/utnso/workspace/tp-2017-1c-Blue-4/kernel/Debug/kernel/(6373:6373): Iniciando Kernel...
[ERROR] 01:51:22:277 /home/utnso/workspace/tp-2017-1c-Blue-4/kernel/Debug/kernel/(6373:6373): No se pudo obtener el tamanio de pagina
[TRACE] 01:51:22:278 /home/utnso/workspace/tp-2017-1c-Blue-4/kernel/Debug/kernel/(6373:6373): Conexion establecida con el FileSystem
[ERROR] 01:51:22:278 /home/utnso/workspace/tp-2017-1c-Blue-4/kernel/Debug/kernel/(6373:6373): No se pudo conectar a la Memoria
[TRACE] 01:51:25:8 /home/utnso/workspace/tp-2017-1c-Blue-4/kernel/Debug/kernel/(6373:6373): Se realizo el Handshake con exito con 7
[TRACE] 01:51:25:46 /home/utnso/workspace/tp-2017-1c-Blue-4/kernel/Debug/kernel/(6373:6373): Un nuevo proceso ha sido creado
[ERROR] 01:51:25:60 /home/utnso/workspace/tp-2017-1c-Blue-4/kernel/Debug/kernel/(6373:6373): ERROR, el kernel no pudo solicitar memoria correctamente
[TRACE] 01:53:38:767 /home/utnso/workspace/tp-2017-1c-Blue-4/kernel/Debug/kernel/(6426:6426): Iniciando Kernel...
[ERROR] 01:53:38:810 /home/utnso/workspace/tp-2017-1c-Blue-4/kernel/Debug/kernel/(6426:6426): No se pudo obtener el tamanio de pagina
[TRACE] 01:53:38:811 /home/utnso/workspace/tp-2017-1c-Blue-4/kernel/Debug/kernel/(6426:6426): Conexion establecida con el FileSystem
[ERROR] 01:53:38:811 /home/utnso/workspace/tp-2017-1c-Blue-4/kernel/Debug/kernel/(6426:6426): No se pudo conectar a la Memoria
[TRACE] 01:53:42:845 /home/utnso/workspace/tp-2017-1c-Blue-4/kernel/Debug/kernel/(6426:6426): Se realizo el Handshake con exito con 7
[TRACE] 01:53:42:884 /home/utnso/workspace/tp-2017-1c-Blue-4/kernel/Debug/kernel/(6426:6426): Un nuevo proceso ha sido creado
[ERROR] 01:53:42:910 /home/utnso/workspace/tp-2017-1c-Blue-4/kernel/Debug/kernel/(6426:6426): ERROR, el kernel no pudo solicitar memoria correctamente
[TRACE] 01:54:39:195 /home/utnso/workspace/tp-2017-1c-Blue-4/kernel/Debug/kernel/(6561:6561): Iniciando Kernel...
[ERROR] 01:54:39:242 /home/utnso/workspace/tp-2017-1c-Blue-4/kernel/Debug/kernel/(6561:6561): No se pudo obtener el tamanio de pagina
[TRACE] 01:54:39:243 /home/utnso/workspace/tp-2017-1c-Blue-4/kernel/Debug/kernel/(6561:6561): Conexion establecida con el FileSystem
[ERROR] 01:54:39:243 /home/utnso/workspace/tp-2017-1c-Blue-4/kernel/Debug/kernel/(6561:6561): No se pudo conectar a la Memoria
[TRACE] 01:54:45:133 /home/utnso/workspace/tp-2017-1c-Blue-4/kernel/Debug/kernel/(6561:6561): Se realizo el Handshake con exito con 7
[TRACE] 01:54:45:172 /home/utnso/workspace/tp-2017-1c-Blue-4/kernel/Debug/kernel/(6561:6561): Un nuevo proceso ha sido creado
[ERROR] 01:54:45:180 /home/utnso/workspace/tp-2017-1c-Blue-4/kernel/Debug/kernel/(6561:6561): ERROR, el kernel no pudo solicitar memoria correctamente
[TRACE] 02:06:25:966 /home/utnso/workspace/tp-2017-1c-Blue-4/kernel/Debug/kernel/(6688:6688): Iniciando Kernel...
[ERROR] 02:06:26:10 /home/utnso/workspace/tp-2017-1c-Blue-4/kernel/Debug/kernel/(6688:6688): No se pudo obtener el tamanio de pagina
[TRACE] 02:06:26:11 /home/utnso/workspace/tp-2017-1c-Blue-4/kernel/Debug/kernel/(6688:6688): Conexion establecida con el FileSystem
[ERROR] 02:06:26:12 /home/utnso/workspace/tp-2017-1c-Blue-4/kernel/Debug/kernel/(6688:6688): No se pudo conectar a la Memoria
[TRACE] 02:13:33:162 /home/utnso/workspace/tp-2017-1c-Blue-4/kernel/Debug/kernel/(6688:6688): Se realizo el Handshake con exito con 7
[TRACE] 02:13:37:333 /home/utnso/workspace/tp-2017-1c-Blue-4/kernel/Debug/kernel/(6688:6688): Se realizo el Handshake con exito con 7
[TRACE] 02:13:37:374 /home/utnso/workspace/tp-2017-1c-Blue-4/kernel/Debug/kernel/(6688:6688): Un nuevo proceso ha sido creado
[ERROR] 02:13:37:391 /home/utnso/workspace/tp-2017-1c-Blue-4/kernel/Debug/kernel/(6688:6688): ERROR, el kernel no pudo solicitar memoria correctamente
[TRACE] 02:16:11:785 /home/utnso/workspace/tp-2017-1c-Blue-4/kernel/Debug/kernel/(6830:6830): Iniciando Kernel...
[ERROR] 02:16:11:829 /home/utnso/workspace/tp-2017-1c-Blue-4/kernel/Debug/kernel/(6830:6830): No se pudo obtener el tamanio de pagina
[TRACE] 02:16:11:830 /home/utnso/workspace/tp-2017-1c-Blue-4/kernel/Debug/kernel/(6830:6830): Conexion establecida con el FileSystem
[ERROR] 02:16:11:830 /home/utnso/workspace/tp-2017-1c-Blue-4/kernel/Debug/kernel/(6830:6830): No se pudo conectar a la Memoria
[TRACE] 02:16:19:342 /home/utnso/workspace/tp-2017-1c-Blue-4/kernel/Debug/kernel/(6889:6889): Iniciando Kernel...
[ERROR] 02:16:19:386 /home/utnso/workspace/tp-2017-1c-Blue-4/kernel/Debug/kernel/(6889:6889): No se pudo obtener el tamanio de pagina
[TRACE] 02:16:19:387 /home/utnso/workspace/tp-2017-1c-Blue-4/kernel/Debug/kernel/(6889:6889): Conexion establecida con el FileSystem
[ERROR] 02:16:19:387 /home/utnso/workspace/tp-2017-1c-Blue-4/kernel/Debug/kernel/(6889:6889): No se pudo conectar a la Memoria
[TRACE] 02:16:22:895 /home/utnso/workspace/tp-2017-1c-Blue-4/kernel/Debug/kernel/(6889:6889): Se realizo el Handshake con exito con 7
[TRACE] 02:16:22:935 /home/utnso/workspace/tp-2017-1c-Blue-4/kernel/Debug/kernel/(6889:6889): Un nuevo proceso ha sido creado
[ERROR] 02:16:22:941 /home/utnso/workspace/tp-2017-1c-Blue-4/kernel/Debug/kernel/(6889:6889): ERROR, el kernel no pudo solicitar memoria correctamente
[TRACE] 02:16:38:123 /home/utnso/workspace/tp-2017-1c-Blue-4/kernel/Debug/kernel/(6999:6999): Iniciando Kernel...
[ERROR] 02:16:38:165 /home/utnso/workspace/tp-2017-1c-Blue-4/kernel/Debug/kernel/(6999:6999): No se pudo obtener el tamanio de pagina
[TRACE] 02:16:38:166 /home/utnso/workspace/tp-2017-1c-Blue-4/kernel/Debug/kernel/(6999:6999): Conexion establecida con el FileSystem
[ERROR] 02:16:38:166 /home/utnso/workspace/tp-2017-1c-Blue-4/kernel/Debug/kernel/(6999:6999): No se pudo conectar a la Memoria
[TRACE] 02:16:41:69 /home/utnso/workspace/tp-2017-1c-Blue-4/kernel/Debug/kernel/(6999:6999): Se realizo el Handshake con exito con 7
[TRACE] 02:16:41:109 /home/utnso/workspace/tp-2017-1c-Blue-4/kernel/Debug/kernel/(6999:6999): Un nuevo proceso ha sido creado
[ERROR] 02:16:41:113 /home/utnso/workspace/tp-2017-1c-Blue-4/kernel/Debug/kernel/(6999:6999): ERROR, el kernel no pudo solicitar memoria correctamente
[TRACE] 02:16:57:823 /home/utnso/workspace/tp-2017-1c-Blue-4/kernel/Debug/kernel/(6999:6999): Se realizo el Handshake con exito con 7
[TRACE] 02:16:57:862 /home/utnso/workspace/tp-2017-1c-Blue-4/kernel/Debug/kernel/(6999:6999): Un nuevo proceso ha sido creado
[ERROR] 02:16:57:864 /home/utnso/workspace/tp-2017-1c-Blue-4/kernel/Debug/kernel/(6999:6999): ERROR, el kernel no pudo solicitar memoria correctamente
[TRACE] 02:17:37:767 /home/utnso/workspace/tp-2017-1c-Blue-4/kernel/Debug/kernel/(7065:7065): Iniciando Kernel...
[ERROR] 02:17:37:810 /home/utnso/workspace/tp-2017-1c-Blue-4/kernel/Debug/kernel/(7065:7065): No se pudo obtener el tamanio de pagina
[TRACE] 02:17:37:811 /home/utnso/workspace/tp-2017-1c-Blue-4/kernel/Debug/kernel/(7065:7065): Conexion establecida con el FileSystem
[ERROR] 02:17:37:811 /home/utnso/workspace/tp-2017-1c-Blue-4/kernel/Debug/kernel/(7065:7065): No se pudo conectar a la Memoria
[TRACE] 02:17:41:765 /home/utnso/workspace/tp-2017-1c-Blue-4/kernel/Debug/kernel/(7065:7065): Se realizo el Handshake con exito con 7
[TRACE] 02:17:41:807 /home/utnso/workspace/tp-2017-1c-Blue-4/kernel/Debug/kernel/(7065:7065): Un nuevo proceso ha sido creado
[ERROR] 02:17:41:831 /home/utnso/workspace/tp-2017-1c-Blue-4/kernel/Debug/kernel/(7065:7065): ERROR, el kernel no pudo solicitar memoria correctamente
[TRACE] 02:18:21:954 /home/utnso/workspace/tp-2017-1c-Blue-4/kernel/Debug/kernel/(7151:7151): Iniciando Kernel...
[ERROR] 02:18:21:996 /home/utnso/workspace/tp-2017-1c-Blue-4/kernel/Debug/kernel/(7151:7151): No se pudo obtener el tamanio de pagina
[TRACE] 02:18:21:997 /home/utnso/workspace/tp-2017-1c-Blue-4/kernel/Debug/kernel/(7151:7151): Conexion establecida con el FileSystem
[ERROR] 02:18:21:997 /home/utnso/workspace/tp-2017-1c-Blue-4/kernel/Debug/kernel/(7151:7151): No se pudo conectar a la Memoria
[TRACE] 02:18:24:454 /home/utnso/workspace/tp-2017-1c-Blue-4/kernel/Debug/kernel/(7151:7151): Se realizo el Handshake con exito con 7
[TRACE] 02:18:24:494 /home/utnso/workspace/tp-2017-1c-Blue-4/kernel/Debug/kernel/(7151:7151): Un nuevo proceso ha sido creado
[ERROR] 02:18:24:521 /home/utnso/workspace/tp-2017-1c-Blue-4/kernel/Debug/kernel/(7151:7151): ERROR, el kernel no pudo solicitar memoria correctamente
[TRACE] 02:21:54:704 /home/utnso/workspace/tp-2017-1c-Blue-4/kernel/Debug/kernel/(7235:7235): Iniciando Kernel...
[ERROR] 02:21:54:754 /home/utnso/workspace/tp-2017-1c-Blue-4/kernel/Debug/kernel/(7235:7235): No se pudo obtener el tamanio de pagina
[TRACE] 02:21:54:755 /home/utnso/workspace/tp-2017-1c-Blue-4/kernel/Debug/kernel/(7235:7235): Conexion establecida con el FileSystem
[ERROR] 02:21:54:755 /home/utnso/workspace/tp-2017-1c-Blue-4/kernel/Debug/kernel/(7235:7235): No se pudo conectar a la Memoria
[TRACE] 02:21:59:495 /home/utnso/workspace/tp-2017-1c-Blue-4/kernel/Debug/kernel/(7235:7235): Se realizo el Handshake con exito con 7
[TRACE] 02:21:59:534 /home/utnso/workspace/tp-2017-1c-Blue-4/kernel/Debug/kernel/(7235:7235): Un nuevo proceso ha sido creado
[ERROR] 02:21:59:556 /home/utnso/workspace/tp-2017-1c-Blue-4/kernel/Debug/kernel/(7235:7235): ERROR, el kernel no pudo solicitar memoria correctamente
[TRACE] 02:23:38:800 /home/utnso/workspace/tp-2017-1c-Blue-4/kernel/Debug/kernel/(7235:7235): Se realizo el Handshake con exito con 7
[TRACE] 02:23:38:838 /home/utnso/workspace/tp-2017-1c-Blue-4/kernel/Debug/kernel/(7235:7235): Un nuevo proceso ha sido creado
[ERROR] 02:23:38:840 /home/utnso/workspace/tp-2017-1c-Blue-4/kernel/Debug/kernel/(7235:7235): ERROR, el kernel no pudo solicitar memoria correctamente
[TRACE] 02:24:28:409 /home/utnso/workspace/tp-2017-1c-Blue-4/kernel/Debug/kernel/(7235:7235): Se realizo el Handshake con exito con 7
[TRACE] 02:24:28:451 /home/utnso/workspace/tp-2017-1c-Blue-4/kernel/Debug/kernel/(7235:7235): Un nuevo proceso ha sido creado
[ERROR] 02:24:28:452 /home/utnso/workspace/tp-2017-1c-Blue-4/kernel/Debug/kernel/(7235:7235): ERROR, el kernel no pudo solicitar memoria correctamente
[TRACE] 02:24:55:295 /home/utnso/workspace/tp-2017-1c-Blue-4/kernel/Debug/kernel/(7235:7235): Se realizo el Handshake con exito con 7
[TRACE] 02:24:55:335 /home/utnso/workspace/tp-2017-1c-Blue-4/kernel/Debug/kernel/(7235:7235): Un nuevo proceso ha sido creado
[INFO] 02:24:55:339 /home/utnso/workspace/tp-2017-1c-Blue-4/kernel/Debug/kernel/(7235:7235): No se pueden aceptar mas programas debido al grado de multiprogramacion definido. Encolando en NEW...
[TRACE] 02:25:32:752 /home/utnso/workspace/tp-2017-1c-Blue-4/kernel/Debug/kernel/(7235:7235): Se realizo el Handshake con exito con 7
[TRACE] 02:25:32:790 /home/utnso/workspace/tp-2017-1c-Blue-4/kernel/Debug/kernel/(7235:7235): Un nuevo proceso ha sido creado
[INFO] 02:25:32:791 /home/utnso/workspace/tp-2017-1c-Blue-4/kernel/Debug/kernel/(7235:7235): No se pueden aceptar mas programas debido al grado de multiprogramacion definido. Encolando en NEW...
[TRACE] 02:30:08:640 /home/utnso/workspace/tp-2017-1c-Blue-4/kernel/Debug/kernel/(7603:7603): Iniciando Kernel...
[ERROR] 02:30:08:682 /home/utnso/workspace/tp-2017-1c-Blue-4/kernel/Debug/kernel/(7603:7603): No se pudo obtener el tamanio de pagina
[TRACE] 02:30:08:683 /home/utnso/workspace/tp-2017-1c-Blue-4/kernel/Debug/kernel/(7603:7603): Conexion establecida con el FileSystem
[ERROR] 02:30:08:684 /home/utnso/workspace/tp-2017-1c-Blue-4/kernel/Debug/kernel/(7603:7603): No se pudo conectar a la Memoria
[TRACE] 02:30:14:465 /home/utnso/workspace/tp-2017-1c-Blue-4/kernel/Debug/kernel/(7603:7603): Se realizo el Handshake con exito con 7
[TRACE] 02:30:14:504 /home/utnso/workspace/tp-2017-1c-Blue-4/kernel/Debug/kernel/(7603:7603): Un nuevo proceso ha sido creado
[ERROR] 02:30:14:510 /home/utnso/workspace/tp-2017-1c-Blue-4/kernel/Debug/kernel/(7603:7603): ERROR, el kernel no pudo solicitar memoria correctamente
[TRACE] 02:34:18:210 /home/utnso/workspace/tp-2017-1c-Blue-4/kernel/Debug/kernel/(7603:7603): Se realizo el Handshake con exito con 7
[TRACE] 02:34:18:250 /home/utnso/workspace/tp-2017-1c-Blue-4/kernel/Debug/kernel/(7603:7603): Un nuevo proceso ha sido creado
[ERROR] 02:34:18:253 /home/utnso/workspace/tp-2017-1c-Blue-4/kernel/Debug/kernel/(7603:7603): ERROR, el kernel no pudo solicitar memoria correctamente
[TRACE] 02:37:50:41 /home/utnso/workspace/tp-2017-1c-Blue-4/kernel/Debug/kernel/(7603:7603): Se realizo el Handshake con exito con 7
[TRACE] 02:37:50:82 /home/utnso/workspace/tp-2017-1c-Blue-4/kernel/Debug/kernel/(7603:7603): Un nuevo proceso ha sido creado
[ERROR] 02:37:50:83 /home/utnso/workspace/tp-2017-1c-Blue-4/kernel/Debug/kernel/(7603:7603): ERROR, el kernel no pudo solicitar memoria correctamente
[TRACE] 02:39:29:667 /home/utnso/workspace/tp-2017-1c-Blue-4/kernel/Debug/kernel/(8023:8023): Iniciando Kernel...
[ERROR] 02:39:29:714 /home/utnso/workspace/tp-2017-1c-Blue-4/kernel/Debug/kernel/(8023:8023): No se pudo obtener el tamanio de pagina
[TRACE] 02:39:29:716 /home/utnso/workspace/tp-2017-1c-Blue-4/kernel/Debug/kernel/(8023:8023): Conexion establecida con el FileSystem
[ERROR] 02:39:29:716 /home/utnso/workspace/tp-2017-1c-Blue-4/kernel/Debug/kernel/(8023:8023): No se pudo conectar a la Memoria
[TRACE] 02:39:42:489 /home/utnso/workspace/tp-2017-1c-Blue-4/kernel/Debug/kernel/(8023:8023): Se realizo el Handshake con exito con 7
[TRACE] 02:39:42:531 /home/utnso/workspace/tp-2017-1c-Blue-4/kernel/Debug/kernel/(8023:8023): Un nuevo proceso ha sido creado
[ERROR] 02:39:42:534 /home/utnso/workspace/tp-2017-1c-Blue-4/kernel/Debug/kernel/(8023:8023): ERROR, el kernel no pudo solicitar memoria correctamente
[TRACE] 03:17:34:495 /home/utnso/workspace/tp-2017-1c-Blue-4/kernel/Debug/kernel/(9326:9326): Iniciando Kernel...
[ERROR] 03:17:34:539 /home/utnso/workspace/tp-2017-1c-Blue-4/kernel/Debug/kernel/(9326:9326): No se pudo obtener el tamanio de pagina
[TRACE] 03:17:34:540 /home/utnso/workspace/tp-2017-1c-Blue-4/kernel/Debug/kernel/(9326:9326): Conexion establecida con el FileSystem
[ERROR] 03:17:34:541 /home/utnso/workspace/tp-2017-1c-Blue-4/kernel/Debug/kernel/(9326:9326): No se pudo conectar a la Memoria
[TRACE] 03:17:40:975 /home/utnso/workspace/tp-2017-1c-Blue-4/kernel/Debug/kernel/(9331:9331): Iniciando Kernel...
[ERROR] 03:17:41:19 /home/utnso/workspace/tp-2017-1c-Blue-4/kernel/Debug/kernel/(9331:9331): No se pudo obtener el tamanio de pagina
[TRACE] 03:17:41:20 /home/utnso/workspace/tp-2017-1c-Blue-4/kernel/Debug/kernel/(9331:9331): Conexion establecida con el FileSystem
[ERROR] 03:17:41:20 /home/utnso/workspace/tp-2017-1c-Blue-4/kernel/Debug/kernel/(9331:9331): No se pudo conectar a la Memoria
[TRACE] 03:17:45:830 /home/utnso/workspace/tp-2017-1c-Blue-4/kernel/Debug/kernel/(9335:9335): Iniciando Kernel...
[ERROR] 03:17:45:872 /home/utnso/workspace/tp-2017-1c-Blue-4/kernel/Debug/kernel/(9335:9335): No se pudo obtener el tamanio de pagina
[TRACE] 03:17:45:873 /home/utnso/workspace/tp-2017-1c-Blue-4/kernel/Debug/kernel/(9335:9335): Conexion establecida con el FileSystem
[ERROR] 03:17:45:874 /home/utnso/workspace/tp-2017-1c-Blue-4/kernel/Debug/kernel/(9335:9335): No se pudo conectar a la Memoria
[TRACE] 03:17:50:267 /home/utnso/workspace/tp-2017-1c-Blue-4/kernel/Debug/kernel/(9337:9337): Iniciando Kernel...
[ERROR] 03:17:50:311 /home/utnso/workspace/tp-2017-1c-Blue-4/kernel/Debug/kernel/(9337:9337): No se pudo obtener el tamanio de pagina
[TRACE] 03:17:50:312 /home/utnso/workspace/tp-2017-1c-Blue-4/kernel/Debug/kernel/(9337:9337): Conexion establecida con el FileSystem
[ERROR] 03:17:50:312 /home/utnso/workspace/tp-2017-1c-Blue-4/kernel/Debug/kernel/(9337:9337): No se pudo conectar a la Memoria
[TRACE] 03:18:11:711 /home/utnso/workspace/tp-2017-1c-Blue-4/kernel/Debug/kernel/(9491:9491): Iniciando Kernel...
[ERROR] 03:18:11:754 /home/utnso/workspace/tp-2017-1c-Blue-4/kernel/Debug/kernel/(9491:9491): No se pudo obtener el tamanio de pagina
[TRACE] 03:18:11:755 /home/utnso/workspace/tp-2017-1c-Blue-4/kernel/Debug/kernel/(9491:9491): Conexion establecida con el FileSystem
[ERROR] 03:18:11:755 /home/utnso/workspace/tp-2017-1c-Blue-4/kernel/Debug/kernel/(9491:9491): No se pudo conectar a la Memoria
[TRACE] 03:18:17:987 /home/utnso/workspace/tp-2017-1c-Blue-4/kernel/Debug/kernel/(9498:9498): Iniciando Kernel...
[ERROR] 03:18:18:31 /home/utnso/workspace/tp-2017-1c-Blue-4/kernel/Debug/kernel/(9498:9498): No se pudo obtener el tamanio de pagina
[TRACE] 03:18:18:32 /home/utnso/workspace/tp-2017-1c-Blue-4/kernel/Debug/kernel/(9498:9498): Conexion establecida con el FileSystem
[ERROR] 03:18:18:32 /home/utnso/workspace/tp-2017-1c-Blue-4/kernel/Debug/kernel/(9498:9498): No se pudo conectar a la Memoria
[TRACE] 03:18:31:709 /home/utnso/workspace/tp-2017-1c-Blue-4/kernel/Debug/kernel/(9501:9501): Iniciando Kernel...
[ERROR] 03:18:31:758 /home/utnso/workspace/tp-2017-1c-Blue-4/kernel/Debug/kernel/(9501:9501): No se pudo obtener el tamanio de pagina
[TRACE] 03:18:31:759 /home/utnso/workspace/tp-2017-1c-Blue-4/kernel/Debug/kernel/(9501:9501): Conexion establecida con el FileSystem
[ERROR] 03:18:31:759 /home/utnso/workspace/tp-2017-1c-Blue-4/kernel/Debug/kernel/(9501:9501): No se pudo conectar a la Memoria
[TRACE] 03:18:38:752 /home/utnso/workspace/tp-2017-1c-Blue-4/kernel/Debug/kernel/(9508:9508): Iniciando Kernel...
[ERROR] 03:18:38:795 /home/utnso/workspace/tp-2017-1c-Blue-4/kernel/Debug/kernel/(9508:9508): No se pudo obtener el tamanio de pagina
[TRACE] 03:18:38:796 /home/utnso/workspace/tp-2017-1c-Blue-4/kernel/Debug/kernel/(9508:9508): Conexion establecida con el FileSystem
[ERROR] 03:18:38:797 /home/utnso/workspace/tp-2017-1c-Blue-4/kernel/Debug/kernel/(9508:9508): No se pudo conectar a la Memoria
[TRACE] 03:21:12:43 /home/utnso/workspace/tp-2017-1c-Blue-4/kernel/Debug/kernel/(9646:9646): Iniciando Kernel...
[ERROR] 03:21:12:86 /home/utnso/workspace/tp-2017-1c-Blue-4/kernel/Debug/kernel/(9646:9646): No se pudo obtener el tamanio de pagina
[TRACE] 03:21:12:87 /home/utnso/workspace/tp-2017-1c-Blue-4/kernel/Debug/kernel/(9646:9646): Conexion establecida con el FileSystem
[ERROR] 03:21:12:87 /home/utnso/workspace/tp-2017-1c-Blue-4/kernel/Debug/kernel/(9646:9646): No se pudo conectar a la Memoria
[TRACE] 03:22:07:913 /home/utnso/workspace/tp-2017-1c-Blue-4/kernel/Debug/kernel/(9739:9739): Iniciando Kernel...
[ERROR] 03:22:07:957 /home/utnso/workspace/tp-2017-1c-Blue-4/kernel/Debug/kernel/(9739:9739): No se pudo obtener el tamanio de pagina
[TRACE] 03:22:07:958 /home/utnso/workspace/tp-2017-1c-Blue-4/kernel/Debug/kernel/(9739:9739): Conexion establecida con el FileSystem
[ERROR] 03:22:07:958 /home/utnso/workspace/tp-2017-1c-Blue-4/kernel/Debug/kernel/(9739:9739): No se pudo conectar a la Memoria
[TRACE] 03:22:21:234 /home/utnso/workspace/tp-2017-1c-Blue-4/kernel/Debug/kernel/(9747:9747): Iniciando Kernel...
[ERROR] 03:22:21:278 /home/utnso/workspace/tp-2017-1c-Blue-4/kernel/Debug/kernel/(9747:9747): No se pudo obtener el tamanio de pagina
[TRACE] 03:22:21:279 /home/utnso/workspace/tp-2017-1c-Blue-4/kernel/Debug/kernel/(9747:9747): Conexion establecida con el FileSystem
[ERROR] 03:22:21:279 /home/utnso/workspace/tp-2017-1c-Blue-4/kernel/Debug/kernel/(9747:9747): No se pudo conectar a la Memoria
[TRACE] 03:24:22:326 /home/utnso/workspace/tp-2017-1c-Blue-4/kernel/Debug/kernel/(9777:9777): Iniciando Kernel...
[ERROR] 03:24:22:369 /home/utnso/workspace/tp-2017-1c-Blue-4/kernel/Debug/kernel/(9777:9777): No se pudo obtener el tamanio de pagina
[TRACE] 03:24:22:371 /home/utnso/workspace/tp-2017-1c-Blue-4/kernel/Debug/kernel/(9777:9777): Conexion establecida con el FileSystem
[ERROR] 03:24:22:371 /home/utnso/workspace/tp-2017-1c-Blue-4/kernel/Debug/kernel/(9777:9777): No se pudo conectar a la Memoria
[TRACE] 03:25:45:200 /home/utnso/workspace/tp-2017-1c-Blue-4/kernel/Debug/kernel/(9842:9842): Iniciando Kernel...
[ERROR] 03:25:45:242 /home/utnso/workspace/tp-2017-1c-Blue-4/kernel/Debug/kernel/(9842:9842): No se pudo obtener el tamanio de pagina
[TRACE] 03:25:45:243 /home/utnso/workspace/tp-2017-1c-Blue-4/kernel/Debug/kernel/(9842:9842): Conexion establecida con el FileSystem
[ERROR] 03:25:45:243 /home/utnso/workspace/tp-2017-1c-Blue-4/kernel/Debug/kernel/(9842:9842): No se pudo conectar a la Memoria
[TRACE] 03:26:45:265 /home/utnso/workspace/tp-2017-1c-Blue-4/kernel/Debug/kernel/(9927:9927): Iniciando Kernel...
[ERROR] 03:26:45:311 /home/utnso/workspace/tp-2017-1c-Blue-4/kernel/Debug/kernel/(9927:9927): No se pudo obtener el tamanio de pagina
[TRACE] 03:26:45:312 /home/utnso/workspace/tp-2017-1c-Blue-4/kernel/Debug/kernel/(9927:9927): Conexion establecida con el FileSystem
[ERROR] 03:26:45:312 /home/utnso/workspace/tp-2017-1c-Blue-4/kernel/Debug/kernel/(9927:9927): No se pudo conectar a la Memoria
[TRACE] 03:27:08:367 /home/utnso/workspace/tp-2017-1c-Blue-4/kernel/Debug/kernel/(9986:9986): Iniciando Kernel...
[ERROR] 03:27:08:413 /home/utnso/workspace/tp-2017-1c-Blue-4/kernel/Debug/kernel/(9986:9986): No se pudo obtener el tamanio de pagina
[TRACE] 03:27:08:414 /home/utnso/workspace/tp-2017-1c-Blue-4/kernel/Debug/kernel/(9986:9986): Conexion establecida con el FileSystem
[ERROR] 03:27:08:414 /home/utnso/workspace/tp-2017-1c-Blue-4/kernel/Debug/kernel/(9986:9986): No se pudo conectar a la Memoria
[TRACE] 03:27:19:735 /home/utnso/workspace/tp-2017-1c-Blue-4/kernel/Debug/kernel/(10041:10041): Iniciando Kernel...
[ERROR] 03:27:19:779 /home/utnso/workspace/tp-2017-1c-Blue-4/kernel/Debug/kernel/(10041:10041): No se pudo obtener el tamanio de pagina
[TRACE] 03:27:19:780 /home/utnso/workspace/tp-2017-1c-Blue-4/kernel/Debug/kernel/(10041:10041): Conexion establecida con el FileSystem
[ERROR] 03:27:19:781 /home/utnso/workspace/tp-2017-1c-Blue-4/kernel/Debug/kernel/(10041:10041): No se pudo conectar a la Memoria
[TRACE] 03:27:29:650 /home/utnso/workspace/tp-2017-1c-Blue-4/kernel/Debug/kernel/(10093:10093): Iniciando Kernel...
[ERROR] 03:27:29:694 /home/utnso/workspace/tp-2017-1c-Blue-4/kernel/Debug/kernel/(10093:10093): No se pudo obtener el tamanio de pagina
[TRACE] 03:27:29:695 /home/utnso/workspace/tp-2017-1c-Blue-4/kernel/Debug/kernel/(10093:10093): Conexion establecida con el FileSystem
[ERROR] 03:27:29:695 /home/utnso/workspace/tp-2017-1c-Blue-4/kernel/Debug/kernel/(10093:10093): No se pudo conectar a la Memoria
[TRACE] 03:27:49:893 /home/utnso/workspace/tp-2017-1c-Blue-4/kernel/Debug/kernel/(10135:10135): Iniciando Kernel...
[ERROR] 03:27:49:939 /home/utnso/workspace/tp-2017-1c-Blue-4/kernel/Debug/kernel/(10135:10135): No se pudo obtener el tamanio de pagina
[TRACE] 03:27:49:940 /home/utnso/workspace/tp-2017-1c-Blue-4/kernel/Debug/kernel/(10135:10135): Conexion establecida con el FileSystem
[ERROR] 03:27:49:940 /home/utnso/workspace/tp-2017-1c-Blue-4/kernel/Debug/kernel/(10135:10135): No se pudo conectar a la Memoria
[TRACE] 03:27:57:907 /home/utnso/workspace/tp-2017-1c-Blue-4/kernel/Debug/kernel/(10135:10135): Se realizo el Handshake con exito con 7
[TRACE] 03:55:02:507 /home/utnso/workspace/tp-2017-1c-Blue-4/kernel/Debug/kernel/(13621:13621): Iniciando Kernel...
[ERROR] 03:55:02:552 /home/utnso/workspace/tp-2017-1c-Blue-4/kernel/Debug/kernel/(13621:13621): No se pudo obtener el tamanio de pagina
[TRACE] 03:55:02:553 /home/utnso/workspace/tp-2017-1c-Blue-4/kernel/Debug/kernel/(13621:13621): Conexion establecida con el FileSystem
[ERROR] 03:55:02:553 /home/utnso/workspace/tp-2017-1c-Blue-4/kernel/Debug/kernel/(13621:13621): No se pudo conectar a la Memoria
[TRACE] 03:55:08:408 /home/utnso/workspace/tp-2017-1c-Blue-4/kernel/Debug/kernel/(13621:13621): Se realizo el Handshake con exito con 7
[TRACE] 03:55:08:444 /home/utnso/workspace/tp-2017-1c-Blue-4/kernel/Debug/kernel/(13621:13621): Un nuevo proceso ha sido creado
[ERROR] 03:55:08:462 /home/utnso/workspace/tp-2017-1c-Blue-4/kernel/Debug/kernel/(13621:13621): ERROR, el kernel no pudo solicitar memoria correctamente
[TRACE] 03:55:35:86 /home/utnso/workspace/tp-2017-1c-Blue-4/kernel/Debug/kernel/(13621:13621): Se realizo el Handshake con exito con 7
[TRACE] 03:55:35:126 /home/utnso/workspace/tp-2017-1c-Blue-4/kernel/Debug/kernel/(13621:13621): Un nuevo proceso ha sido creado
[ERROR] 03:55:35:128 /home/utnso/workspace/tp-2017-1c-Blue-4/kernel/Debug/kernel/(13621:13621): ERROR, el kernel no pudo solicitar memoria correctamente
[TRACE] 03:57:52:130 /home/utnso/workspace/tp-2017-1c-Blue-4/kernel/Debug/kernel/(13782:13782): Iniciando Kernel...
[ERROR] 03:57:52:176 /home/utnso/workspace/tp-2017-1c-Blue-4/kernel/Debug/kernel/(13782:13782): No se pudo obtener el tamanio de pagina
[TRACE] 03:57:52:177 /home/utnso/workspace/tp-2017-1c-Blue-4/kernel/Debug/kernel/(13782:13782): Conexion establecida con el FileSystem
[ERROR] 03:57:52:177 /home/utnso/workspace/tp-2017-1c-Blue-4/kernel/Debug/kernel/(13782:13782): No se pudo conectar a la Memoria
[TRACE] 03:57:57:480 /home/utnso/workspace/tp-2017-1c-Blue-4/kernel/Debug/kernel/(13782:13782): Se realizo el Handshake con exito con 7
[TRACE] 03:57:57:518 /home/utnso/workspace/tp-2017-1c-Blue-4/kernel/Debug/kernel/(13782:13782): Un nuevo proceso ha sido creado
[TRACE] 04:05:54:923 /home/utnso/workspace/tp-2017-1c-Blue-4/kernel/Debug/kernel/(14151:14151): Iniciando Kernel...
[ERROR] 04:05:54:967 /home/utnso/workspace/tp-2017-1c-Blue-4/kernel/Debug/kernel/(14151:14151): No se pudo obtener el tamanio de pagina
[TRACE] 04:05:54:969 /home/utnso/workspace/tp-2017-1c-Blue-4/kernel/Debug/kernel/(14151:14151): Conexion establecida con el FileSystem
[ERROR] 04:05:54:969 /home/utnso/workspace/tp-2017-1c-Blue-4/kernel/Debug/kernel/(14151:14151): No se pudo conectar a la Memoria
[TRACE] 04:06:12:733 /home/utnso/workspace/tp-2017-1c-Blue-4/kernel/Debug/kernel/(14151:14151): Se realizo el Handshake con exito con 7
[TRACE] 04:06:12:775 /home/utnso/workspace/tp-2017-1c-Blue-4/kernel/Debug/kernel/(14151:14151): Un nuevo proceso ha sido creado
[TRACE] 04:09:46:909 /home/utnso/workspace/tp-2017-1c-Blue-4/kernel/Debug/kernel/(14310:14310): Iniciando Kernel...
[ERROR] 04:09:46:952 /home/utnso/workspace/tp-2017-1c-Blue-4/kernel/Debug/kernel/(14310:14310): No se pudo obtener el tamanio de pagina
[TRACE] 04:09:46:953 /home/utnso/workspace/tp-2017-1c-Blue-4/kernel/Debug/kernel/(14310:14310): Conexion establecida con el FileSystem
[ERROR] 04:09:46:954 /home/utnso/workspace/tp-2017-1c-Blue-4/kernel/Debug/kernel/(14310:14310): No se pudo conectar a la Memoria
[TRACE] 04:09:50:772 /home/utnso/workspace/tp-2017-1c-Blue-4/kernel/Debug/kernel/(14310:14310): Se realizo el Handshake con exito con 7
[TRACE] 04:09:52:861 /home/utnso/workspace/tp-2017-1c-Blue-4/kernel/Debug/kernel/(14310:14310): Se realizo el Handshake con exito con 7
[TRACE] 04:09:52:901 /home/utnso/workspace/tp-2017-1c-Blue-4/kernel/Debug/kernel/(14310:14310): Un nuevo proceso ha sido creado
[TRACE] 04:10:32:242 /home/utnso/workspace/tp-2017-1c-Blue-4/kernel/Debug/kernel/(14388:14388): Iniciando Kernel...
[ERROR] 04:10:32:285 /home/utnso/workspace/tp-2017-1c-Blue-4/kernel/Debug/kernel/(14388:14388): No se pudo obtener el tamanio de pagina
[TRACE] 04:10:32:286 /home/utnso/workspace/tp-2017-1c-Blue-4/kernel/Debug/kernel/(14388:14388): Conexion establecida con el FileSystem
[ERROR] 04:10:32:286 /home/utnso/workspace/tp-2017-1c-Blue-4/kernel/Debug/kernel/(14388:14388): No se pudo conectar a la Memoria
[TRACE] 04:10:35:203 /home/utnso/workspace/tp-2017-1c-Blue-4/kernel/Debug/kernel/(14388:14388): Se realizo el Handshake con exito con 7
[TRACE] 04:10:35:239 /home/utnso/workspace/tp-2017-1c-Blue-4/kernel/Debug/kernel/(14388:14388): Un nuevo proceso ha sido creado
[TRACE] 04:10:57:676 /home/utnso/workspace/tp-2017-1c-Blue-4/kernel/Debug/kernel/(14453:14453): Iniciando Kernel...
[ERROR] 04:10:57:718 /home/utnso/workspace/tp-2017-1c-Blue-4/kernel/Debug/kernel/(14453:14453): No se pudo obtener el tamanio de pagina
[TRACE] 04:10:57:720 /home/utnso/workspace/tp-2017-1c-Blue-4/kernel/Debug/kernel/(14453:14453): Conexion establecida con el FileSystem
[ERROR] 04:10:57:720 /home/utnso/workspace/tp-2017-1c-Blue-4/kernel/Debug/kernel/(14453:14453): No se pudo conectar a la Memoria
[TRACE] 04:11:00:852 /home/utnso/workspace/tp-2017-1c-Blue-4/kernel/Debug/kernel/(14453:14453): Se realizo el Handshake con exito con 7
[TRACE] 04:11:00:890 /home/utnso/workspace/tp-2017-1c-Blue-4/kernel/Debug/kernel/(14453:14453): Un nuevo proceso ha sido creado
[ERROR] 04:11:00:892 /home/utnso/workspace/tp-2017-1c-Blue-4/kernel/Debug/kernel/(14453:14453): ERROR, el kernel no pudo solicitar memoria correctamente
[TRACE] 04:11:45:946 /home/utnso/workspace/tp-2017-1c-Blue-4/kernel/Debug/kernel/(14520:14520): Iniciando Kernel...
[ERROR] 04:11:45:991 /home/utnso/workspace/tp-2017-1c-Blue-4/kernel/Debug/kernel/(14520:14520): No se pudo obtener el tamanio de pagina
[TRACE] 04:11:45:992 /home/utnso/workspace/tp-2017-1c-Blue-4/kernel/Debug/kernel/(14520:14520): Conexion establecida con el FileSystem
[ERROR] 04:11:45:992 /home/utnso/workspace/tp-2017-1c-Blue-4/kernel/Debug/kernel/(14520:14520): No se pudo conectar a la Memoria
[TRACE] 04:11:49:337 /home/utnso/workspace/tp-2017-1c-Blue-4/kernel/Debug/kernel/(14520:14520): Se realizo el Handshake con exito con 7
[TRACE] 04:11:49:380 /home/utnso/workspace/tp-2017-1c-Blue-4/kernel/Debug/kernel/(14520:14520): Un nuevo proceso ha sido creado
[ERROR] 04:11:49:386 /home/utnso/workspace/tp-2017-1c-Blue-4/kernel/Debug/kernel/(14520:14520): ERROR, el kernel no pudo solicitar memoria correctamente
[TRACE] 04:12:06:558 /home/utnso/workspace/tp-2017-1c-Blue-4/kernel/Debug/kernel/(14605:14605): Iniciando Kernel...
[ERROR] 04:12:06:601 /home/utnso/workspace/tp-2017-1c-Blue-4/kernel/Debug/kernel/(14605:14605): No se pudo obtener el tamanio de pagina
[TRACE] 04:12:06:602 /home/utnso/workspace/tp-2017-1c-Blue-4/kernel/Debug/kernel/(14605:14605): Conexion establecida con el FileSystem
[ERROR] 04:12:06:603 /home/utnso/workspace/tp-2017-1c-Blue-4/kernel/Debug/kernel/(14605:14605): No se pudo conectar a la Memoria
[TRACE] 04:12:09:678 /home/utnso/workspace/tp-2017-1c-Blue-4/kernel/Debug/kernel/(14605:14605): Se realizo el Handshake con exito con 7
[TRACE] 04:12:09:715 /home/utnso/workspace/tp-2017-1c-Blue-4/kernel/Debug/kernel/(14605:14605): Un nuevo proceso ha sido creado
[ERROR] 04:12:09:720 /home/utnso/workspace/tp-2017-1c-Blue-4/kernel/Debug/kernel/(14605:14605): ERROR, el kernel no pudo solicitar memoria correctamente
[TRACE] 04:12:33:388 /home/utnso/workspace/tp-2017-1c-Blue-4/kernel/Debug/kernel/(14675:14675): Iniciando Kernel...
[ERROR] 04:12:33:430 /home/utnso/workspace/tp-2017-1c-Blue-4/kernel/Debug/kernel/(14675:14675): No se pudo obtener el tamanio de pagina
[TRACE] 04:12:33:431 /home/utnso/workspace/tp-2017-1c-Blue-4/kernel/Debug/kernel/(14675:14675): Conexion establecida con el FileSystem
[ERROR] 04:12:33:431 /home/utnso/workspace/tp-2017-1c-Blue-4/kernel/Debug/kernel/(14675:14675): No se pudo conectar a la Memoria
[TRACE] 04:12:38:185 /home/utnso/workspace/tp-2017-1c-Blue-4/kernel/Debug/kernel/(14675:14675): Se realizo el Handshake con exito con 7
[TRACE] 04:12:38:225 /home/utnso/workspace/tp-2017-1c-Blue-4/kernel/Debug/kernel/(14675:14675): Un nuevo proceso ha sido creado
[ERROR] 04:12:38:234 /home/utnso/workspace/tp-2017-1c-Blue-4/kernel/Debug/kernel/(14675:14675): ERROR, el kernel no pudo solicitar memoria correctamente
[TRACE] 04:14:01:108 /home/utnso/workspace/tp-2017-1c-Blue-4/kernel/Debug/kernel/(14768:14768): Iniciando Kernel...
[ERROR] 04:14:01:153 /home/utnso/workspace/tp-2017-1c-Blue-4/kernel/Debug/kernel/(14768:14768): No se pudo obtener el tamanio de pagina
[TRACE] 04:14:01:154 /home/utnso/workspace/tp-2017-1c-Blue-4/kernel/Debug/kernel/(14768:14768): Conexion establecida con el FileSystem
[ERROR] 04:14:01:154 /home/utnso/workspace/tp-2017-1c-Blue-4/kernel/Debug/kernel/(14768:14768): No se pudo conectar a la Memoria
[TRACE] 04:14:05:860 /home/utnso/workspace/tp-2017-1c-Blue-4/kernel/Debug/kernel/(14768:14768): Se realizo el Handshake con exito con 7
[TRACE] 04:14:05:898 /home/utnso/workspace/tp-2017-1c-Blue-4/kernel/Debug/kernel/(14768:14768): Un nuevo proceso ha sido creado
[TRACE] 04:18:52:839 /home/utnso/workspace/tp-2017-1c-Blue-4/kernel/Debug/kernel/(14939:14939): Iniciando Kernel...
[ERROR] 04:18:52:883 /home/utnso/workspace/tp-2017-1c-Blue-4/kernel/Debug/kernel/(14939:14939): No se pudo obtener el tamanio de pagina
[TRACE] 04:18:52:884 /home/utnso/workspace/tp-2017-1c-Blue-4/kernel/Debug/kernel/(14939:14939): Conexion establecida con el FileSystem
[ERROR] 04:18:52:885 /home/utnso/workspace/tp-2017-1c-Blue-4/kernel/Debug/kernel/(14939:14939): No se pudo conectar a la Memoria
[TRACE] 04:18:56:870 /home/utnso/workspace/tp-2017-1c-Blue-4/kernel/Debug/kernel/(14939:14939): Se realizo el Handshake con exito con 7
[TRACE] 04:18:56:904 /home/utnso/workspace/tp-2017-1c-Blue-4/kernel/Debug/kernel/(14939:14939): Un nuevo proceso ha sido creado
[TRACE] 02:19:36:895 /home/utnso/workspace/tp-2017-1c-Blue-4/kernel/Debug/kernel/(18775:18775): Iniciando Kernel...
[ERROR] 02:19:36:938 /home/utnso/workspace/tp-2017-1c-Blue-4/kernel/Debug/kernel/(18775:18775): No se pudo obtener el tamanio de pagina
[TRACE] 02:19:36:940 /home/utnso/workspace/tp-2017-1c-Blue-4/kernel/Debug/kernel/(18775:18775): Conexion establecida con el FileSystem
[ERROR] 02:19:36:940 /home/utnso/workspace/tp-2017-1c-Blue-4/kernel/Debug/kernel/(18775:18775): No se pudo conectar a la Memoria
[TRACE] 02:20:03:672 /home/utnso/workspace/tp-2017-1c-Blue-4/kernel/Debug/kernel/(18791:18791): Iniciando Kernel...
[TRACE] 02:20:03:706 /home/utnso/workspace/tp-2017-1c-Blue-4/kernel/Debug/kernel/(18791:18791): Conexion establecida con el FileSystem
[TRACE] 02:20:03:706 /home/utnso/workspace/tp-2017-1c-Blue-4/kernel/Debug/kernel/(18791:18791): Conexion establecida con la Memoria
[TRACE] 02:22:02:807 /home/utnso/workspace/tp-2017-1c-Blue-4/kernel/Debug/kernel/(18791:18791): Se realizo el Handshake con exito con 7
[TRACE] 02:22:02:845 /home/utnso/workspace/tp-2017-1c-Blue-4/kernel/Debug/kernel/(18791:18791): Un nuevo proceso ha sido creado
[TRACE] 02:24:07:27 /home/utnso/workspace/tp-2017-1c-Blue-4/kernel/Debug/kernel/(18874:18874): Iniciando Kernel...
[TRACE] 02:24:08:61 /home/utnso/workspace/tp-2017-1c-Blue-4/kernel/Debug/kernel/(18874:18874): Conexion establecida con el FileSystem
[TRACE] 02:24:08:61 /home/utnso/workspace/tp-2017-1c-Blue-4/kernel/Debug/kernel/(18874:18874): Conexion establecida con la Memoria
[TRACE] 02:24:47:391 /home/utnso/workspace/tp-2017-1c-Blue-4/kernel/Debug/kernel/(18874:18874): Se realizo el Handshake con exito con 7
[TRACE] 02:24:47:429 /home/utnso/workspace/tp-2017-1c-Blue-4/kernel/Debug/kernel/(18874:18874): Un nuevo proceso ha sido creado
[TRACE] 02:25:22:28 /home/utnso/workspace/tp-2017-1c-Blue-4/kernel/Debug/kernel/(18938:18938): Iniciando Kernel...
[TRACE] 02:25:23:61 /home/utnso/workspace/tp-2017-1c-Blue-4/kernel/Debug/kernel/(18938:18938): Conexion establecida con el FileSystem
[TRACE] 02:25:23:62 /home/utnso/workspace/tp-2017-1c-Blue-4/kernel/Debug/kernel/(18938:18938): Conexion establecida con la Memoria
[TRACE] 02:25:28:309 /home/utnso/workspace/tp-2017-1c-Blue-4/kernel/Debug/kernel/(18938:18938): Se realizo el Handshake con exito con 7
[TRACE] 02:25:28:353 /home/utnso/workspace/tp-2017-1c-Blue-4/kernel/Debug/kernel/(18938:18938): Un nuevo proceso ha sido creado
[ERROR] 02:25:28:381 /home/utnso/workspace/tp-2017-1c-Blue-4/kernel/Debug/kernel/(18938:18938): ERROR, el kernel no pudo solicitar memoria correctamente
[TRACE] 02:26:38:16 /home/utnso/workspace/tp-2017-1c-Blue-4/kernel/Debug/kernel/(2006:2006): Iniciando Kernel...
[ERROR] 02:26:39:58 /home/utnso/workspace/tp-2017-1c-Blue-4/kernel/Debug/kernel/(2006:2006): No se pudo obtener el tamanio de pagina
[TRACE] 02:26:39:59 /home/utnso/workspace/tp-2017-1c-Blue-4/kernel/Debug/kernel/(2006:2006): Conexion establecida con el FileSystem
[ERROR] 02:26:39:59 /home/utnso/workspace/tp-2017-1c-Blue-4/kernel/Debug/kernel/(2006:2006): No se pudo conectar a la Memoria
[TRACE] 02:26:45:614 /home/utnso/workspace/tp-2017-1c-Blue-4/kernel/Debug/kernel/(2015:2015): Iniciando Kernel...
[TRACE] 02:26:45:648 /home/utnso/workspace/tp-2017-1c-Blue-4/kernel/Debug/kernel/(2015:2015): Conexion establecida con el FileSystem
[TRACE] 02:26:45:648 /home/utnso/workspace/tp-2017-1c-Blue-4/kernel/Debug/kernel/(2015:2015): Conexion establecida con la Memoria
[TRACE] 02:26:49:227 /home/utnso/workspace/tp-2017-1c-Blue-4/kernel/Debug/kernel/(2015:2015): Se realizo el Handshake con exito con 7
[TRACE] 02:26:49:266 /home/utnso/workspace/tp-2017-1c-Blue-4/kernel/Debug/kernel/(2015:2015): Un nuevo proceso ha sido creado
[ERROR] 02:26:49:283 /home/utnso/workspace/tp-2017-1c-Blue-4/kernel/Debug/kernel/(2015:2015): ERROR, el kernel no pudo solicitar memoria correctamente
[TRACE] 02:31:03:899 /home/utnso/workspace/tp-2017-1c-Blue-4/kernel/Debug/kernel/(3898:3898): Iniciando Kernel...
[TRACE] 02:31:03:932 /home/utnso/workspace/tp-2017-1c-Blue-4/kernel/Debug/kernel/(3898:3898): Conexion establecida con el FileSystem
[TRACE] 02:31:03:933 /home/utnso/workspace/tp-2017-1c-Blue-4/kernel/Debug/kernel/(3898:3898): Conexion establecida con la Memoria
[TRACE] 02:31:07:574 /home/utnso/workspace/tp-2017-1c-Blue-4/kernel/Debug/kernel/(3898:3898): Se realizo el Handshake con exito con 7
[TRACE] 02:31:07:612 /home/utnso/workspace/tp-2017-1c-Blue-4/kernel/Debug/kernel/(3898:3898): Un nuevo proceso ha sido creado
[ERROR] 02:31:07:647 /home/utnso/workspace/tp-2017-1c-Blue-4/kernel/Debug/kernel/(3898:3898): ERROR, el kernel no pudo solicitar memoria correctamente
[TRACE] 02:31:25:234 /home/utnso/workspace/tp-2017-1c-Blue-4/kernel/Debug/kernel/(14719:14719): Iniciando Kernel...
[TRACE] 02:31:25:268 /home/utnso/workspace/tp-2017-1c-Blue-4/kernel/Debug/kernel/(14719:14719): Conexion establecida con el FileSystem
[TRACE] 02:31:25:268 /home/utnso/workspace/tp-2017-1c-Blue-4/kernel/Debug/kernel/(14719:14719): Conexion establecida con la Memoria
[TRACE] 02:31:36:861 /home/utnso/workspace/tp-2017-1c-Blue-4/kernel/Debug/kernel/(14719:14719): Se realizo el Handshake con exito con 7
[TRACE] 02:31:36:898 /home/utnso/workspace/tp-2017-1c-Blue-4/kernel/Debug/kernel/(14719:14719): Un nuevo proceso ha sido creado
[ERROR] 02:31:36:909 /home/utnso/workspace/tp-2017-1c-Blue-4/kernel/Debug/kernel/(14719:14719): ERROR, el kernel no pudo solicitar memoria correctamente
[TRACE] 02:32:40:638 /home/utnso/workspace/tp-2017-1c-Blue-4/kernel/Debug/kernel/(14984:14984): Iniciando Kernel...
[ERROR] 02:32:40:680 /home/utnso/workspace/tp-2017-1c-Blue-4/kernel/Debug/kernel/(14984:14984): No se pudo obtener el tamanio de pagina
[TRACE] 02:32:40:681 /home/utnso/workspace/tp-2017-1c-Blue-4/kernel/Debug/kernel/(14984:14984): Conexion establecida con el FileSystem
[ERROR] 02:32:40:681 /home/utnso/workspace/tp-2017-1c-Blue-4/kernel/Debug/kernel/(14984:14984): No se pudo conectar a la Memoria
[TRACE] 02:32:45:595 /home/utnso/workspace/tp-2017-1c-Blue-4/kernel/Debug/kernel/(14993:14993): Iniciando Kernel...
[TRACE] 02:32:45:628 /home/utnso/workspace/tp-2017-1c-Blue-4/kernel/Debug/kernel/(14993:14993): Conexion establecida con el FileSystem
[TRACE] 02:32:45:629 /home/utnso/workspace/tp-2017-1c-Blue-4/kernel/Debug/kernel/(14993:14993): Conexion establecida con la Memoria
[TRACE] 02:32:51:42 /home/utnso/workspace/tp-2017-1c-Blue-4/kernel/Debug/kernel/(14993:14993): Se realizo el Handshake con exito con 7
[TRACE] 02:32:51:78 /home/utnso/workspace/tp-2017-1c-Blue-4/kernel/Debug/kernel/(14993:14993): Un nuevo proceso ha sido creado
[TRACE] 02:36:25:846 /home/utnso/workspace/tp-2017-1c-Blue-4/kernel/Debug/kernel/(15051:15051): Iniciando Kernel...
[TRACE] 02:36:25:880 /home/utnso/workspace/tp-2017-1c-Blue-4/kernel/Debug/kernel/(15051:15051): Conexion establecida con el FileSystem
[TRACE] 02:36:25:880 /home/utnso/workspace/tp-2017-1c-Blue-4/kernel/Debug/kernel/(15051:15051): Conexion establecida con la Memoria
[TRACE] 02:36:31:112 /home/utnso/workspace/tp-2017-1c-Blue-4/kernel/Debug/kernel/(15051:15051): Se realizo el Handshake con exito con 7
[TRACE] 02:36:31:161 /home/utnso/workspace/tp-2017-1c-Blue-4/kernel/Debug/kernel/(15051:15051): Un nuevo proceso ha sido creado
[TRACE] 02:37:05:206 /home/utnso/workspace/tp-2017-1c-Blue-4/kernel/Debug/kernel/(15063:15063): Iniciando Kernel...
[TRACE] 02:37:05:207 /home/utnso/workspace/tp-2017-1c-Blue-4/kernel/Debug/kernel/(15063:15063): Conexion establecida con el FileSystem
[TRACE] 02:37:05:207 /home/utnso/workspace/tp-2017-1c-Blue-4/kernel/Debug/kernel/(15063:15063): Conexion establecida con la Memoria
[TRACE] 02:37:09:297 /home/utnso/workspace/tp-2017-1c-Blue-4/kernel/Debug/kernel/(15063:15063): Se realizo el Handshake con exito con 7
[TRACE] 02:37:09:334 /home/utnso/workspace/tp-2017-1c-Blue-4/kernel/Debug/kernel/(15063:15063): Un nuevo proceso ha sido creado
[ERROR] 01:01:28:554 /home/utnso/workspace/tp-2017-1c-Blue-4/kernel/Debug/kernel/(15063:15063): ERROR, el kernel no pudo solicitar memoria correctamente
[TRACE] 01:01:28:554 /home/utnso/workspace/tp-2017-1c-Blue-4/kernel/Debug/kernel/(15063:15063): Se realizo el Handshake con exito con 8
[TRACE] 01:01:35:827 /home/utnso/workspace/tp-2017-1c-Blue-4/kernel/Debug/kernel/(15392:15392): Iniciando Kernel...
[TRACE] 01:01:35:828 /home/utnso/workspace/tp-2017-1c-Blue-4/kernel/Debug/kernel/(15392:15392): Conexion establecida con el FileSystem
[TRACE] 01:01:35:828 /home/utnso/workspace/tp-2017-1c-Blue-4/kernel/Debug/kernel/(15392:15392): Conexion establecida con la Memoria
[TRACE] 01:01:42:828 /home/utnso/workspace/tp-2017-1c-Blue-4/kernel/Debug/kernel/(15392:15392): Se realizo el Handshake con exito con 7
[TRACE] 01:01:42:869 /home/utnso/workspace/tp-2017-1c-Blue-4/kernel/Debug/kernel/(15392:15392): Un nuevo proceso ha sido creado
[TRACE] 01:03:48:481 /home/utnso/workspace/tp-2017-1c-Blue-4/kernel/Debug/kernel/(15451:15451): Iniciando Kernel...
[TRACE] 01:03:48:482 /home/utnso/workspace/tp-2017-1c-Blue-4/kernel/Debug/kernel/(15451:15451): Conexion establecida con el FileSystem
[TRACE] 01:03:48:482 /home/utnso/workspace/tp-2017-1c-Blue-4/kernel/Debug/kernel/(15451:15451): Conexion establecida con la Memoria
[TRACE] 01:03:53:216 /home/utnso/workspace/tp-2017-1c-Blue-4/kernel/Debug/kernel/(15451:15451): Se realizo el Handshake con exito con 7
[TRACE] 01:03:53:254 /home/utnso/workspace/tp-2017-1c-Blue-4/kernel/Debug/kernel/(15451:15451): Un nuevo proceso ha sido creado
[ERROR] 01:03:53:404 /home/utnso/workspace/tp-2017-1c-Blue-4/kernel/Debug/kernel/(15451:15451): ERROR, el kernel no pudo solicitar memoria correctamente
[TRACE] 01:04:27:880 /home/utnso/workspace/tp-2017-1c-Blue-4/kernel/Debug/kernel/(15505:15505): Iniciando Kernel...
[ERROR] 01:04:27:882 /home/utnso/workspace/tp-2017-1c-Blue-4/kernel/Debug/kernel/(15505:15505): No se pudo obtener el tamanio de pagina
[TRACE] 01:04:27:882 /home/utnso/workspace/tp-2017-1c-Blue-4/kernel/Debug/kernel/(15505:15505): Conexion establecida con el FileSystem
[ERROR] 01:04:27:882 /home/utnso/workspace/tp-2017-1c-Blue-4/kernel/Debug/kernel/(15505:15505): No se pudo conectar a la Memoria
[TRACE] 01:04:33:625 /home/utnso/workspace/tp-2017-1c-Blue-4/kernel/Debug/kernel/(15517:15517): Iniciando Kernel...
[TRACE] 01:04:33:626 /home/utnso/workspace/tp-2017-1c-Blue-4/kernel/Debug/kernel/(15517:15517): Conexion establecida con el FileSystem
[TRACE] 01:04:33:626 /home/utnso/workspace/tp-2017-1c-Blue-4/kernel/Debug/kernel/(15517:15517): Conexion establecida con la Memoria
[TRACE] 01:04:38:572 /home/utnso/workspace/tp-2017-1c-Blue-4/kernel/Debug/kernel/(15517:15517): Se realizo el Handshake con exito con 7
[TRACE] 01:04:38:610 /home/utnso/workspace/tp-2017-1c-Blue-4/kernel/Debug/kernel/(15517:15517): Un nuevo proceso ha sido creado
[TRACE] 01:05:21:360 /home/utnso/workspace/tp-2017-1c-Blue-4/kernel/Debug/kernel/(15566:15566): Iniciando Kernel...
[TRACE] 01:05:21:363 /home/utnso/workspace/tp-2017-1c-Blue-4/kernel/Debug/kernel/(15566:15566): Conexion establecida con el FileSystem
[TRACE] 01:05:21:363 /home/utnso/workspace/tp-2017-1c-Blue-4/kernel/Debug/kernel/(15566:15566): Conexion establecida con la Memoria
[TRACE] 01:05:26:186 /home/utnso/workspace/tp-2017-1c-Blue-4/kernel/Debug/kernel/(15575:15575): Iniciando Kernel...
[TRACE] 01:05:26:189 /home/utnso/workspace/tp-2017-1c-Blue-4/kernel/Debug/kernel/(15575:15575): Conexion establecida con el FileSystem
[TRACE] 01:05:26:189 /home/utnso/workspace/tp-2017-1c-Blue-4/kernel/Debug/kernel/(15575:15575): Conexion establecida con la Memoria
[TRACE] 01:05:29:524 /home/utnso/workspace/tp-2017-1c-Blue-4/kernel/Debug/kernel/(15575:15575): Se realizo el Handshake con exito con 7
[TRACE] 01:05:29:562 /home/utnso/workspace/tp-2017-1c-Blue-4/kernel/Debug/kernel/(15575:15575): Un nuevo proceso ha sido creado
[TRACE] 01:05:29:606 /home/utnso/workspace/tp-2017-1c-Blue-4/kernel/Debug/kernel/(15575:15575): Nuevo proceso encolado en READY
[TRACE] 01:25:08:572 /home/utnso/workspace/tp-2017-1c-Blue-4/kernel/Debug/kernel/(16130:16130): Iniciando Kernel...
[ERROR] 01:25:08:573 /home/utnso/workspace/tp-2017-1c-Blue-4/kernel/Debug/kernel/(16130:16130): No se pudo obtener el tamanio de pagina
[TRACE] 01:25:08:573 /home/utnso/workspace/tp-2017-1c-Blue-4/kernel/Debug/kernel/(16130:16130): Conexion establecida con el FileSystem
[ERROR] 01:25:08:573 /home/utnso/workspace/tp-2017-1c-Blue-4/kernel/Debug/kernel/(16130:16130): No se pudo conectar a la Memoria
[TRACE] 01:25:15:713 /home/utnso/workspace/tp-2017-1c-Blue-4/kernel/Debug/kernel/(16136:16136): Iniciando Kernel...
[ERROR] 01:25:15:716 /home/utnso/workspace/tp-2017-1c-Blue-4/kernel/Debug/kernel/(16136:16136): No se pudo obtener el tamanio de pagina
[TRACE] 01:25:15:716 /home/utnso/workspace/tp-2017-1c-Blue-4/kernel/Debug/kernel/(16136:16136): Conexion establecida con el FileSystem
[ERROR] 01:25:15:716 /home/utnso/workspace/tp-2017-1c-Blue-4/kernel/Debug/kernel/(16136:16136): No se pudo conectar a la Memoria
[TRACE] 01:25:18:347 /home/utnso/workspace/tp-2017-1c-Blue-4/kernel/Debug/kernel/(16136:16136): Se realizo el Handshake con exito con 7
[TRACE] 01:25:18:386 /home/utnso/workspace/tp-2017-1c-Blue-4/kernel/Debug/kernel/(16136:16136): Un nuevo proceso ha sido creado
[TRACE] 01:25:24:398 /home/utnso/workspace/tp-2017-1c-Blue-4/kernel/Debug/kernel/(16144:16144): Iniciando Kernel...
[TRACE] 01:25:24:400 /home/utnso/workspace/tp-2017-1c-Blue-4/kernel/Debug/kernel/(16144:16144): Conexion establecida con el FileSystem
[TRACE] 01:25:24:400 /home/utnso/workspace/tp-2017-1c-Blue-4/kernel/Debug/kernel/(16144:16144): Conexion establecida con la Memoria
[TRACE] 01:25:29:292 /home/utnso/workspace/tp-2017-1c-Blue-4/kernel/Debug/kernel/(16144:16144): Se realizo el Handshake con exito con 7
[TRACE] 01:25:29:330 /home/utnso/workspace/tp-2017-1c-Blue-4/kernel/Debug/kernel/(16144:16144): Un nuevo proceso ha sido creado
[ERROR] 01:25:29:481 /home/utnso/workspace/tp-2017-1c-Blue-4/kernel/Debug/kernel/(16144:16144): ERROR, el kernel no pudo solicitar memoria correctamente
[TRACE] 01:29:02:116 /home/utnso/workspace/tp-2017-1c-Blue-4/kernel/Debug/kernel/(16265:16265): Iniciando Kernel...
[ERROR] 01:29:02:117 /home/utnso/workspace/tp-2017-1c-Blue-4/kernel/Debug/kernel/(16265:16265): No se pudo obtener el tamanio de pagina
[TRACE] 01:29:02:117 /home/utnso/workspace/tp-2017-1c-Blue-4/kernel/Debug/kernel/(16265:16265): Conexion establecida con el FileSystem
[ERROR] 01:29:02:117 /home/utnso/workspace/tp-2017-1c-Blue-4/kernel/Debug/kernel/(16265:16265): No se pudo conectar a la Memoria
[TRACE] 01:29:10:971 /home/utnso/workspace/tp-2017-1c-Blue-4/kernel/Debug/kernel/(16265:16265): Se realizo el Handshake con exito con 7
[TRACE] 01:29:11:13 /home/utnso/workspace/tp-2017-1c-Blue-4/kernel/Debug/kernel/(16265:16265): Un nuevo proceso ha sido creado
[TRACE] 01:29:23:789 /home/utnso/workspace/tp-2017-1c-Blue-4/kernel/Debug/kernel/(16283:16283): Iniciando Kernel...
[TRACE] 01:29:23:790 /home/utnso/workspace/tp-2017-1c-Blue-4/kernel/Debug/kernel/(16283:16283): Conexion establecida con el FileSystem
[TRACE] 01:29:23:790 /home/utnso/workspace/tp-2017-1c-Blue-4/kernel/Debug/kernel/(16283:16283): Conexion establecida con la Memoria
[TRACE] 01:29:28:244 /home/utnso/workspace/tp-2017-1c-Blue-4/kernel/Debug/kernel/(16283:16283): Se realizo el Handshake con exito con 7
[TRACE] 01:29:28:286 /home/utnso/workspace/tp-2017-1c-Blue-4/kernel/Debug/kernel/(16283:16283): Un nuevo proceso ha sido creado
[TRACE] 01:31:13:964 /home/utnso/workspace/tp-2017-1c-Blue-4/kernel/Debug/kernel/(16393:16393): Iniciando Kernel...
[TRACE] 01:31:13:965 /home/utnso/workspace/tp-2017-1c-Blue-4/kernel/Debug/kernel/(16393:16393): Conexion establecida con el FileSystem
[TRACE] 01:31:13:965 /home/utnso/workspace/tp-2017-1c-Blue-4/kernel/Debug/kernel/(16393:16393): Conexion establecida con la Memoria
[TRACE] 01:31:21:915 /home/utnso/workspace/tp-2017-1c-Blue-4/kernel/Debug/kernel/(16393:16393): Se realizo el Handshake con exito con 7
[TRACE] 01:31:21:956 /home/utnso/workspace/tp-2017-1c-Blue-4/kernel/Debug/kernel/(16393:16393): Un nuevo proceso ha sido creado
[TRACE] 01:35:53:236 /home/utnso/workspace/tp-2017-1c-Blue-4/kernel/Debug/kernel/(16541:16541): Iniciando Kernel...
[TRACE] 01:35:53:238 /home/utnso/workspace/tp-2017-1c-Blue-4/kernel/Debug/kernel/(16541:16541): Conexion establecida con el FileSystem
[TRACE] 01:35:53:238 /home/utnso/workspace/tp-2017-1c-Blue-4/kernel/Debug/kernel/(16541:16541): Conexion establecida con la Memoria
[TRACE] 01:35:56:392 /home/utnso/workspace/tp-2017-1c-Blue-4/kernel/Debug/kernel/(16541:16541): Se realizo el Handshake con exito con 7
[TRACE] 01:35:56:432 /home/utnso/workspace/tp-2017-1c-Blue-4/kernel/Debug/kernel/(16541:16541): Un nuevo proceso ha sido creado
[TRACE] 01:36:13:335 /home/utnso/workspace/tp-2017-1c-Blue-4/kernel/Debug/kernel/(16585:16585): Iniciando Kernel...
[TRACE] 01:36:13:336 /home/utnso/workspace/tp-2017-1c-Blue-4/kernel/Debug/kernel/(16585:16585): Conexion establecida con el FileSystem
[TRACE] 01:36:13:336 /home/utnso/workspace/tp-2017-1c-Blue-4/kernel/Debug/kernel/(16585:16585): Conexion establecida con la Memoria
[TRACE] 01:36:16:715 /home/utnso/workspace/tp-2017-1c-Blue-4/kernel/Debug/kernel/(16585:16585): Se realizo el Handshake con exito con 7
[TRACE] 01:36:16:757 /home/utnso/workspace/tp-2017-1c-Blue-4/kernel/Debug/kernel/(16585:16585): Un nuevo proceso ha sido creado
[TRACE] 01:36:26:732 /home/utnso/workspace/tp-2017-1c-Blue-4/kernel/Debug/kernel/(16612:16612): Iniciando Kernel...
[TRACE] 01:36:26:735 /home/utnso/workspace/tp-2017-1c-Blue-4/kernel/Debug/kernel/(16612:16612): Conexion establecida con el FileSystem
[TRACE] 01:36:26:735 /home/utnso/workspace/tp-2017-1c-Blue-4/kernel/Debug/kernel/(16612:16612): Conexion establecida con la Memoria
[TRACE] 01:36:34:483 /home/utnso/workspace/tp-2017-1c-Blue-4/kernel/Debug/kernel/(16612:16612): Se realizo el Handshake con exito con 7
[TRACE] 01:36:34:523 /home/utnso/workspace/tp-2017-1c-Blue-4/kernel/Debug/kernel/(16612:16612): Un nuevo proceso ha sido creado
[TRACE] 01:38:00:291 /home/utnso/workspace/tp-2017-1c-Blue-4/kernel/Debug/kernel/(16706:16706): Iniciando Kernel...
[TRACE] 01:38:00:294 /home/utnso/workspace/tp-2017-1c-Blue-4/kernel/Debug/kernel/(16706:16706): Conexion establecida con el FileSystem
[TRACE] 01:38:00:294 /home/utnso/workspace/tp-2017-1c-Blue-4/kernel/Debug/kernel/(16706:16706): Conexion establecida con la Memoria
[TRACE] 01:38:04:234 /home/utnso/workspace/tp-2017-1c-Blue-4/kernel/Debug/kernel/(16706:16706): Se realizo el Handshake con exito con 7
[TRACE] 01:38:04:273 /home/utnso/workspace/tp-2017-1c-Blue-4/kernel/Debug/kernel/(16706:16706): Un nuevo proceso ha sido creado
[TRACE] 01:38:19:407 /home/utnso/workspace/tp-2017-1c-Blue-4/kernel/Debug/kernel/(16754:16754): Iniciando Kernel...
[TRACE] 01:38:19:410 /home/utnso/workspace/tp-2017-1c-Blue-4/kernel/Debug/kernel/(16754:16754): Conexion establecida con el FileSystem
[TRACE] 01:38:19:410 /home/utnso/workspace/tp-2017-1c-Blue-4/kernel/Debug/kernel/(16754:16754): Conexion establecida con la Memoria
[TRACE] 01:38:22:697 /home/utnso/workspace/tp-2017-1c-Blue-4/kernel/Debug/kernel/(16754:16754): Se realizo el Handshake con exito con 7
[TRACE] 01:38:22:738 /home/utnso/workspace/tp-2017-1c-Blue-4/kernel/Debug/kernel/(16754:16754): Un nuevo proceso ha sido creado
[TRACE] 01:38:33:284 /home/utnso/workspace/tp-2017-1c-Blue-4/kernel/Debug/kernel/(16842:16842): Iniciando Kernel...
[TRACE] 01:38:33:287 /home/utnso/workspace/tp-2017-1c-Blue-4/kernel/Debug/kernel/(16842:16842): Conexion establecida con el FileSystem
[TRACE] 01:38:33:287 /home/utnso/workspace/tp-2017-1c-Blue-4/kernel/Debug/kernel/(16842:16842): Conexion establecida con la Memoria
[TRACE] 01:38:37:63 /home/utnso/workspace/tp-2017-1c-Blue-4/kernel/Debug/kernel/(16842:16842): Se realizo el Handshake con exito con 7
[TRACE] 01:38:37:103 /home/utnso/workspace/tp-2017-1c-Blue-4/kernel/Debug/kernel/(16842:16842): Un nuevo proceso ha sido creado
[TRACE] 01:42:13:916 /home/utnso/workspace/tp-2017-1c-Blue-4/kernel/Debug/kernel/(16933:16933): Iniciando Kernel...
[TRACE] 01:42:13:917 /home/utnso/workspace/tp-2017-1c-Blue-4/kernel/Debug/kernel/(16933:16933): Conexion establecida con el FileSystem
[TRACE] 01:42:13:917 /home/utnso/workspace/tp-2017-1c-Blue-4/kernel/Debug/kernel/(16933:16933): Conexion establecida con la Memoria
[TRACE] 01:42:16:494 /home/utnso/workspace/tp-2017-1c-Blue-4/kernel/Debug/kernel/(16933:16933): Se realizo el Handshake con exito con 7
[TRACE] 01:42:16:535 /home/utnso/workspace/tp-2017-1c-Blue-4/kernel/Debug/kernel/(16933:16933): Un nuevo proceso ha sido creado
[TRACE] 01:42:31:677 /home/utnso/workspace/tp-2017-1c-Blue-4/kernel/Debug/kernel/(16953:16953): Iniciando Kernel...
[TRACE] 01:42:31:677 /home/utnso/workspace/tp-2017-1c-Blue-4/kernel/Debug/kernel/(16953:16953): Conexion establecida con el FileSystem
[TRACE] 01:42:31:677 /home/utnso/workspace/tp-2017-1c-Blue-4/kernel/Debug/kernel/(16953:16953): Conexion establecida con la Memoria
[TRACE] 01:42:35:132 /home/utnso/workspace/tp-2017-1c-Blue-4/kernel/Debug/kernel/(16953:16953): Se realizo el Handshake con exito con 7
[TRACE] 01:42:35:171 /home/utnso/workspace/tp-2017-1c-Blue-4/kernel/Debug/kernel/(16953:16953): Un nuevo proceso ha sido creado
[TRACE] 01:44:37:14 /home/utnso/workspace/tp-2017-1c-Blue-4/kernel/Debug/kernel/(17013:17013): Iniciando Kernel...
[TRACE] 01:44:37:18 /home/utnso/workspace/tp-2017-1c-Blue-4/kernel/Debug/kernel/(17013:17013): Conexion establecida con el FileSystem
[TRACE] 01:44:37:18 /home/utnso/workspace/tp-2017-1c-Blue-4/kernel/Debug/kernel/(17013:17013): Conexion establecida con la Memoria
[TRACE] 01:44:41:388 /home/utnso/workspace/tp-2017-1c-Blue-4/kernel/Debug/kernel/(17013:17013): Se realizo el Handshake con exito con 7
[TRACE] 01:44:41:428 /home/utnso/workspace/tp-2017-1c-Blue-4/kernel/Debug/kernel/(17013:17013): Un nuevo proceso ha sido creado
[TRACE] 01:46:22:337 /home/utnso/workspace/tp-2017-1c-Blue-4/kernel/Debug/kernel/(17061:17061): Iniciando Kernel...
[TRACE] 01:46:22:339 /home/utnso/workspace/tp-2017-1c-Blue-4/kernel/Debug/kernel/(17061:17061): Conexion establecida con el FileSystem
[TRACE] 01:46:22:339 /home/utnso/workspace/tp-2017-1c-Blue-4/kernel/Debug/kernel/(17061:17061): Conexion establecida con la Memoria
[TRACE] 01:46:25:255 /home/utnso/workspace/tp-2017-1c-Blue-4/kernel/Debug/kernel/(17061:17061): Se realizo el Handshake con exito con 7
[TRACE] 01:46:25:296 /home/utnso/workspace/tp-2017-1c-Blue-4/kernel/Debug/kernel/(17061:17061): Un nuevo proceso ha sido creado
[TRACE] 01:48:08:48 /home/utnso/workspace/tp-2017-1c-Blue-4/kernel/Debug/kernel/(17209:17209): Iniciando Kernel...
[TRACE] 01:48:08:49 /home/utnso/workspace/tp-2017-1c-Blue-4/kernel/Debug/kernel/(17209:17209): Conexion establecida con el FileSystem
[TRACE] 01:48:08:49 /home/utnso/workspace/tp-2017-1c-Blue-4/kernel/Debug/kernel/(17209:17209): Conexion establecida con la Memoria
[TRACE] 01:48:11:811 /home/utnso/workspace/tp-2017-1c-Blue-4/kernel/Debug/kernel/(17209:17209): Se realizo el Handshake con exito con 7
[TRACE] 01:48:11:848 /home/utnso/workspace/tp-2017-1c-Blue-4/kernel/Debug/kernel/(17209:17209): Un nuevo proceso ha sido creado
[TRACE] 01:48:28:57 /home/utnso/workspace/tp-2017-1c-Blue-4/kernel/Debug/kernel/(17261:17261): Iniciando Kernel...
[TRACE] 01:48:28:59 /home/utnso/workspace/tp-2017-1c-Blue-4/kernel/Debug/kernel/(17261:17261): Conexion establecida con el FileSystem
[TRACE] 01:48:28:59 /home/utnso/workspace/tp-2017-1c-Blue-4/kernel/Debug/kernel/(17261:17261): Conexion establecida con la Memoria
[TRACE] 01:48:31:713 /home/utnso/workspace/tp-2017-1c-Blue-4/kernel/Debug/kernel/(17261:17261): Se realizo el Handshake con exito con 7
[TRACE] 01:48:31:753 /home/utnso/workspace/tp-2017-1c-Blue-4/kernel/Debug/kernel/(17261:17261): Un nuevo proceso ha sido creado
[TRACE] 01:57:09:242 /home/utnso/workspace/tp-2017-1c-Blue-4/kernel/Debug/kernel/(17489:17489): Iniciando Kernel...
[TRACE] 01:57:09:246 /home/utnso/workspace/tp-2017-1c-Blue-4/kernel/Debug/kernel/(17489:17489): Conexion establecida con el FileSystem
[TRACE] 01:57:09:246 /home/utnso/workspace/tp-2017-1c-Blue-4/kernel/Debug/kernel/(17489:17489): Conexion establecida con la Memoria
[TRACE] 01:57:12:459 /home/utnso/workspace/tp-2017-1c-Blue-4/kernel/Debug/kernel/(17489:17489): Se realizo el Handshake con exito con 7
[TRACE] 01:57:12:499 /home/utnso/workspace/tp-2017-1c-Blue-4/kernel/Debug/kernel/(17489:17489): Un nuevo proceso ha sido creado
[TRACE] 01:58:47:310 /home/utnso/workspace/tp-2017-1c-Blue-4/kernel/Debug/kernel/(17561:17561): Iniciando Kernel...
[TRACE] 01:58:47:312 /home/utnso/workspace/tp-2017-1c-Blue-4/kernel/Debug/kernel/(17561:17561): Conexion establecida con el FileSystem
[TRACE] 01:58:47:312 /home/utnso/workspace/tp-2017-1c-Blue-4/kernel/Debug/kernel/(17561:17561): Conexion establecida con la Memoria
[TRACE] 01:58:51:51 /home/utnso/workspace/tp-2017-1c-Blue-4/kernel/Debug/kernel/(17561:17561): Se realizo el Handshake con exito con 7
[TRACE] 01:58:51:88 /home/utnso/workspace/tp-2017-1c-Blue-4/kernel/Debug/kernel/(17561:17561): Un nuevo proceso ha sido creado
[TRACE] 01:59:40:825 /home/utnso/workspace/tp-2017-1c-Blue-4/kernel/Debug/kernel/(17617:17617): Iniciando Kernel...
[TRACE] 01:59:40:825 /home/utnso/workspace/tp-2017-1c-Blue-4/kernel/Debug/kernel/(17617:17617): Conexion establecida con el FileSystem
[TRACE] 01:59:40:825 /home/utnso/workspace/tp-2017-1c-Blue-4/kernel/Debug/kernel/(17617:17617): Conexion establecida con la Memoria
[TRACE] 01:59:44:429 /home/utnso/workspace/tp-2017-1c-Blue-4/kernel/Debug/kernel/(17617:17617): Se realizo el Handshake con exito con 7
[TRACE] 01:59:44:468 /home/utnso/workspace/tp-2017-1c-Blue-4/kernel/Debug/kernel/(17617:17617): Un nuevo proceso ha sido creado
[TRACE] 01:59:57:177 /home/utnso/workspace/tp-2017-1c-Blue-4/kernel/Debug/kernel/(17665:17665): Iniciando Kernel...
[TRACE] 01:59:57:178 /home/utnso/workspace/tp-2017-1c-Blue-4/kernel/Debug/kernel/(17665:17665): Conexion establecida con el FileSystem
[TRACE] 01:59:57:178 /home/utnso/workspace/tp-2017-1c-Blue-4/kernel/Debug/kernel/(17665:17665): Conexion establecida con la Memoria
[TRACE] 02:00:01:80 /home/utnso/workspace/tp-2017-1c-Blue-4/kernel/Debug/kernel/(17665:17665): Se realizo el Handshake con exito con 7
[TRACE] 02:00:01:120 /home/utnso/workspace/tp-2017-1c-Blue-4/kernel/Debug/kernel/(17665:17665): Un nuevo proceso ha sido creado
[TRACE] 02:00:39:465 /home/utnso/workspace/tp-2017-1c-Blue-4/kernel/Debug/kernel/(17715:17715): Iniciando Kernel...
[TRACE] 02:00:39:465 /home/utnso/workspace/tp-2017-1c-Blue-4/kernel/Debug/kernel/(17715:17715): Conexion establecida con el FileSystem
[TRACE] 02:00:39:465 /home/utnso/workspace/tp-2017-1c-Blue-4/kernel/Debug/kernel/(17715:17715): Conexion establecida con la Memoria
[TRACE] 02:00:42:704 /home/utnso/workspace/tp-2017-1c-Blue-4/kernel/Debug/kernel/(17715:17715): Se realizo el Handshake con exito con 7
[TRACE] 02:00:42:744 /home/utnso/workspace/tp-2017-1c-Blue-4/kernel/Debug/kernel/(17715:17715): Un nuevo proceso ha sido creado
[TRACE] 02:00:49:153 /home/utnso/workspace/tp-2017-1c-Blue-4/kernel/Debug/kernel/(17755:17755): Iniciando Kernel...
[TRACE] 02:00:49:153 /home/utnso/workspace/tp-2017-1c-Blue-4/kernel/Debug/kernel/(17755:17755): Conexion establecida con el FileSystem
[TRACE] 02:00:49:153 /home/utnso/workspace/tp-2017-1c-Blue-4/kernel/Debug/kernel/(17755:17755): Conexion establecida con la Memoria
[TRACE] 02:00:53:168 /home/utnso/workspace/tp-2017-1c-Blue-4/kernel/Debug/kernel/(17755:17755): Se realizo el Handshake con exito con 7
[TRACE] 02:00:53:207 /home/utnso/workspace/tp-2017-1c-Blue-4/kernel/Debug/kernel/(17755:17755): Un nuevo proceso ha sido creado
[TRACE] 02:02:01:302 /home/utnso/workspace/tp-2017-1c-Blue-4/kernel/Debug/kernel/(17796:17796): Iniciando Kernel...
[TRACE] 02:02:01:304 /home/utnso/workspace/tp-2017-1c-Blue-4/kernel/Debug/kernel/(17796:17796): Conexion establecida con el FileSystem
[TRACE] 02:02:01:304 /home/utnso/workspace/tp-2017-1c-Blue-4/kernel/Debug/kernel/(17796:17796): Conexion establecida con la Memoria
[TRACE] 02:03:14:813 /home/utnso/workspace/tp-2017-1c-Blue-4/kernel/Debug/kernel/(17856:17856): Iniciando Kernel...
[TRACE] 02:03:14:815 /home/utnso/workspace/tp-2017-1c-Blue-4/kernel/Debug/kernel/(17856:17856): Conexion establecida con el FileSystem
[TRACE] 02:03:14:815 /home/utnso/workspace/tp-2017-1c-Blue-4/kernel/Debug/kernel/(17856:17856): Conexion establecida con la Memoria
[TRACE] 02:03:18:250 /home/utnso/workspace/tp-2017-1c-Blue-4/kernel/Debug/kernel/(17856:17856): Se realizo el Handshake con exito con 7
[TRACE] 02:03:18:292 /home/utnso/workspace/tp-2017-1c-Blue-4/kernel/Debug/kernel/(17856:17856): Un nuevo proceso ha sido creado
